<?xml version="1.0" encoding="UTF-8"?>
<!-- Generated by org.testng.reporters.JUnitXMLReporter -->
<testsuite hostname="LAPTOP-FVOS1RG9" ignored="0" name="Default test" tests="9" failures="0" timestamp="11 Jul 2022 06:24:14 GMT" time="0.053" errors="0">
  <testcase name="testA1" time="0.014" classname="org.tesss.parllell"/>
  <testcase name="testA2" time="0.001" classname="org.tesss.parllell"/>
  <testcase name="testA3" time="0.002" classname="org.tesss.parllell"/>
  <testcase name="testB1" time="0.001" classname="org.tesss.parllell"/>
  <testcase name="testB2" time="0.001" classname="org.tesss.parllell"/>
  <testcase name="testB3" time="0.001" classname="org.tesss.parllell"/>
  <testcase name="testC1" time="0.001" classname="org.tesss.parllell"/>
  <testcase name="testC2" time="0.001" classname="org.tesss.parllell"/>
  <testcase name="testC3" time="0.002" classname="org.tesss.parllell"/>
</testsuite> <!-- Default test -->
