<?xml version="1.0" encoding="UTF-8"?>
<!-- Generated by org.testng.reporters.JUnitXMLReporter -->
<testsuite hostname="LAPTOP-FVOS1RG9" ignored="0" name="Test" tests="9" failures="0" timestamp="11 Jul 2022 06:24:38 GMT" time="0.05" errors="0">
  <testcase name="testB2" time="0.014" classname="org.tesss.parllell"/>
  <testcase name="testA3" time="0.014" classname="org.tesss.parllell"/>
  <testcase name="testB3" time="0.014" classname="org.tesss.parllell"/>
  <testcase name="testB1" time="0.014" classname="org.tesss.parllell"/>
  <testcase name="testC2" time="0.015" classname="org.tesss.parllell"/>
  <testcase name="testA2" time="0.015" classname="org.tesss.parllell"/>
  <testcase name="testA1" time="0.015" classname="org.tesss.parllell"/>
  <testcase name="testC3" time="0.016" classname="org.tesss.parllell"/>
  <testcase name="testC1" time="0.016" classname="org.tesss.parllell"/>
</testsuite> <!-- Test -->
