<?xml version="1.0" encoding="UTF-8"?>
<testng-results skipped="0" failed="0" ignored="0" total="18" passed="18">
  <reporter-output>
  </reporter-output>
  <suite name="Suite" duration-ms="59" started-at="2022-07-11T06:32:26Z" finished-at="2022-07-11T06:32:26Z">
    <groups>
    </groups>
    <test name="Test2" duration-ms="59" started-at="2022-07-11T06:32:26Z" finished-at="2022-07-11T06:32:26Z">
      <class name="org.tesss.parllell">
        <test-method status="PASS" signature="testA1()[pri:0, instance:org.tesss.parllell@57baeedf]" name="testA1" duration-ms="11" started-at="2022-07-11T12:02:26Z" finished-at="2022-07-11T12:02:26Z">
          <reporter-output>
          </reporter-output>
        </test-method> <!-- testA1 -->
        <test-method status="PASS" signature="testA2()[pri:0, instance:org.tesss.parllell@57baeedf]" name="testA2" duration-ms="1" started-at="2022-07-11T12:02:26Z" finished-at="2022-07-11T12:02:26Z">
          <reporter-output>
          </reporter-output>
        </test-method> <!-- testA2 -->
        <test-method status="PASS" signature="testA3()[pri:0, instance:org.tesss.parllell@57baeedf]" name="testA3" duration-ms="2" started-at="2022-07-11T12:02:26Z" finished-at="2022-07-11T12:02:26Z">
          <reporter-output>
          </reporter-output>
        </test-method> <!-- testA3 -->
        <test-method status="PASS" signature="testB1()[pri:0, instance:org.tesss.parllell@57baeedf]" name="testB1" duration-ms="1" started-at="2022-07-11T12:02:26Z" finished-at="2022-07-11T12:02:26Z">
          <reporter-output>
          </reporter-output>
        </test-method> <!-- testB1 -->
        <test-method status="PASS" signature="testB2()[pri:0, instance:org.tesss.parllell@57baeedf]" name="testB2" duration-ms="2" started-at="2022-07-11T12:02:26Z" finished-at="2022-07-11T12:02:26Z">
          <reporter-output>
          </reporter-output>
        </test-method> <!-- testB2 -->
        <test-method status="PASS" signature="testB3()[pri:0, instance:org.tesss.parllell@57baeedf]" name="testB3" duration-ms="2" started-at="2022-07-11T12:02:26Z" finished-at="2022-07-11T12:02:26Z">
          <reporter-output>
          </reporter-output>
        </test-method> <!-- testB3 -->
        <test-method status="PASS" signature="testC1()[pri:0, instance:org.tesss.parllell@57baeedf]" name="testC1" duration-ms="0" started-at="2022-07-11T12:02:26Z" finished-at="2022-07-11T12:02:26Z">
          <reporter-output>
          </reporter-output>
        </test-method> <!-- testC1 -->
        <test-method status="PASS" signature="testC2()[pri:0, instance:org.tesss.parllell@57baeedf]" name="testC2" duration-ms="3" started-at="2022-07-11T12:02:26Z" finished-at="2022-07-11T12:02:26Z">
          <reporter-output>
          </reporter-output>
        </test-method> <!-- testC2 -->
        <test-method status="PASS" signature="testC3()[pri:0, instance:org.tesss.parllell@57baeedf]" name="testC3" duration-ms="1" started-at="2022-07-11T12:02:26Z" finished-at="2022-07-11T12:02:26Z">
          <reporter-output>
          </reporter-output>
        </test-method> <!-- testC3 -->
      </class> <!-- org.tesss.parllell -->
    </test> <!-- Test2 -->
    <test name="Test1" duration-ms="59" started-at="2022-07-11T06:32:26Z" finished-at="2022-07-11T06:32:26Z">
      <class name="org.tesss.parllell">
        <test-method status="PASS" signature="testA1()[pri:0, instance:org.tesss.parllell@26653222]" name="testA1" duration-ms="11" started-at="2022-07-11T12:02:26Z" finished-at="2022-07-11T12:02:26Z">
          <reporter-output>
          </reporter-output>
        </test-method> <!-- testA1 -->
        <test-method status="PASS" signature="testA2()[pri:0, instance:org.tesss.parllell@26653222]" name="testA2" duration-ms="1" started-at="2022-07-11T12:02:26Z" finished-at="2022-07-11T12:02:26Z">
          <reporter-output>
          </reporter-output>
        </test-method> <!-- testA2 -->
        <test-method status="PASS" signature="testA3()[pri:0, instance:org.tesss.parllell@26653222]" name="testA3" duration-ms="1" started-at="2022-07-11T12:02:26Z" finished-at="2022-07-11T12:02:26Z">
          <reporter-output>
          </reporter-output>
        </test-method> <!-- testA3 -->
        <test-method status="PASS" signature="testB1()[pri:0, instance:org.tesss.parllell@26653222]" name="testB1" duration-ms="2" started-at="2022-07-11T12:02:26Z" finished-at="2022-07-11T12:02:26Z">
          <reporter-output>
          </reporter-output>
        </test-method> <!-- testB1 -->
        <test-method status="PASS" signature="testB2()[pri:0, instance:org.tesss.parllell@26653222]" name="testB2" duration-ms="1" started-at="2022-07-11T12:02:26Z" finished-at="2022-07-11T12:02:26Z">
          <reporter-output>
          </reporter-output>
        </test-method> <!-- testB2 -->
        <test-method status="PASS" signature="testB3()[pri:0, instance:org.tesss.parllell@26653222]" name="testB3" duration-ms="2" started-at="2022-07-11T12:02:26Z" finished-at="2022-07-11T12:02:26Z">
          <reporter-output>
          </reporter-output>
        </test-method> <!-- testB3 -->
        <test-method status="PASS" signature="testC1()[pri:0, instance:org.tesss.parllell@26653222]" name="testC1" duration-ms="1" started-at="2022-07-11T12:02:26Z" finished-at="2022-07-11T12:02:26Z">
          <reporter-output>
          </reporter-output>
        </test-method> <!-- testC1 -->
        <test-method status="PASS" signature="testC2()[pri:0, instance:org.tesss.parllell@26653222]" name="testC2" duration-ms="4" started-at="2022-07-11T12:02:26Z" finished-at="2022-07-11T12:02:26Z">
          <reporter-output>
          </reporter-output>
        </test-method> <!-- testC2 -->
        <test-method status="PASS" signature="testC3()[pri:0, instance:org.tesss.parllell@26653222]" name="testC3" duration-ms="1" started-at="2022-07-11T12:02:26Z" finished-at="2022-07-11T12:02:26Z">
          <reporter-output>
          </reporter-output>
        </test-method> <!-- testC3 -->
      </class> <!-- org.tesss.parllell -->
    </test> <!-- Test1 -->
  </suite> <!-- Suite -->
</testng-results>
