<?xml version="1.0" encoding="UTF-8"?>
<!-- Generated by org.testng.reporters.JUnitReportReporter -->
<testsuite name="org.tesss.facebook2" tests="3" time="41.096" ignored="0" failures="0" timestamp="08 Jul 2022 07:19:31 GMT" skipped="0" hostname="LAPTOP-FVOS1RG9" errors="3">
  <testcase name="test1" time="11.192" classname="org.tesss.facebook2">
    <error type="java.lang.StackOverflowError">
      <![CDATA[java.lang.StackOverflowError
	at org.test.Login.getusername(Login.java:68)
	at org.test.Login.getusername(Login.java:68)
	at org.test.Login.getusername(Login.java:68)
	at org.test.Login.getusername(Login.java:68)
	at org.test.Login.getusername(Login.java:68)
	at org.test.Login.getusername(Login.java:68)
	at org.test.Login.getusername(Login.java:68)
	at org.test.Login.getusername(Login.java:68)
	at org.test.Login.getusername(Login.java:68)
	at org.test.Login.getusername(Login.java:68)
	at org.test.Login.getusername(Login.java:68)
	at org.test.Login.getusername(Login.java:68)
	at org.test.Login.getusername(Login.java:68)
	at org.test.Login.getusername(Login.java:68)
	at org.test.Login.getusername(Login.java:68)
	at org.test.Login.getusername(Login.java:68)
	at org.test.Login.getusername(Login.java:68)
	at org.test.Login.getusername(Login.java:68)
	at org.test.Login.getusername(Login.java:68)
	at org.test.Login.getusername(Login.java:68)
	at org.test.Login.getusername(Login.java:68)
	at org.test.Login.getusername(Login.java:68)
	at org.test.Login.getusername(Login.java:68)
	at org.test.Login.getusername(Login.java:68)
	at org.test.Login.getusername(Login.java:68)
	at org.test.Login.getusername(Login.java:68)
	at org.test.Login.getusername(Login.java:68)
	at org.test.Login.getusername(Login.java:68)
	at org.test.Login.getusername(Login.java:68)
	at org.test.Login.getusername(Login.java:68)
	at org.test.Login.getusername(Login.java:68)
	at org.test.Login.getusername(Login.java:68)
	at org.test.Login.getusername(Login.java:68)
	at org.test.Login.getusername(Login.java:68)
	at org.test.Login.getusername(Login.java:68)
	at org.test.Login.getusername(Login.java:68)
	at org.test.Login.getusername(Login.java:68)
	at org.test.Login.getusername(Login.java:68)
	at org.test.Login.getusername(Login.java:68)
	at org.test.Login.getusername(Login.java:68)
	at org.test.Login.getusername(Login.java:68)
	at org.test.Login.getusername(Login.java:68)
	at org.test.Login.getusername(Login.java:68)
	at org.test.Login.getusername(Login.java:68)
	at org.test.Login.getusername(Login.java:68)
	at org.test.Login.getusername(Login.java:68)
	at org.test.Login.getusername(Login.java:68)
	at org.test.Login.getusername(Login.java:68)
	at org.test.Login.getusername(Login.java:68)
	at org.test.Login.getusername(Login.java:68)
	at org.test.Login.getusername(Login.java:68)
	at org.test.Login.getusername(Login.java:68)
	at org.test.Login.getusername(Login.java:68)
	at org.test.Login.getusername(Login.java:68)
	at org.test.Login.getusername(Login.java:68)
	at org.test.Login.getusername(Login.java:68)
	at org.test.Login.getusername(Login.java:68)
	at org.test.Login.getusername(Login.java:68)
	at org.test.Login.getusername(Login.java:68)
	at org.test.Login.getusername(Login.java:68)
	at org.test.Login.getusername(Login.java:68)
	at org.test.Login.getusername(Login.java:68)
	at org.test.Login.getusername(Login.java:68)
	at org.test.Login.getusername(Login.java:68)
	at org.test.Login.getusername(Login.java:68)
	at org.test.Login.getusername(Login.java:68)
	at org.test.Login.getusername(Login.java:68)
	at org.test.Login.getusername(Login.java:68)
	at org.test.Login.getusername(Login.java:68)
	at org.test.Login.getusername(Login.java:68)
	at org.test.Login.getusername(Login.java:68)
	at org.test.Login.getusername(Login.java:68)
	at org.test.Login.getusername(Login.java:68)
	at org.test.Login.getusername(Login.java:68)
	at org.test.Login.getusername(Login.java:68)
	at org.test.Login.getusername(Login.java:68)
	at org.test.Login.getusername(Login.java:68)
	at org.test.Login.getusername(Login.java:68)
	at org.test.Login.getusername(Login.java:68)
	at org.test.Login.getusername(Login.java:68)
	at org.test.Login.getusername(Login.java:68)
	at org.test.Login.getusername(Login.java:68)
	at org.test.Login.getusername(Login.java:68)
	at org.test.Login.getusername(Login.java:68)
	at org.test.Login.getusername(Login.java:68)
	at org.test.Login.getusername(Login.java:68)
	at org.test.Login.getusername(Login.java:68)
	at org.test.Login.getusername(Login.java:68)
	at org.test.Login.getusername(Login.java:68)
	at org.test.Login.getusername(Login.java:68)
	at org.test.Login.getusername(Login.java:68)
	at org.test.Login.getusername(Login.java:68)
	at org.test.Login.getusername(Login.java:68)
	at org.test.Login.getusername(Login.java:68)
	at org.test.Login.getusername(Login.java:68)
	at org.test.Login.getusername(Login.java:68)
	at org.test.Login.getusername(Login.java:68)
	at org.test.Login.getusername(Login.java:68)
	at org.test.Login.getusername(Login.java:68)
	at org.test.Login.getusername(Login.java:68)
	at org.test.Login.getusername(Login.java:68)
	at org.test.Login.getusername(Login.java:68)
	at org.test.Login.getusername(Login.java:68)
	at org.test.Login.getusername(Login.java:68)
	at org.test.Login.getusername(Login.java:68)
	at org.test.Login.getusername(Login.java:68)
	at org.test.Login.getusername(Login.java:68)
	at org.test.Login.getusername(Login.java:68)
	at org.test.Login.getusername(Login.java:68)
	at org.test.Login.getusername(Login.java:68)
	at org.test.Login.getusername(Login.java:68)
	at org.test.Login.getusername(Login.java:68)
	at org.test.Login.getusername(Login.java:68)
	at org.test.Login.getusername(Login.java:68)
	at org.test.Login.getusername(Login.java:68)
	at org.test.Login.getusername(Login.java:68)
	at org.test.Login.getusername(Login.java:68)
	at org.test.Login.getusername(Login.java:68)
	at org.test.Login.getusername(Login.java:68)
	at org.test.Login.getusername(Login.java:68)
	at org.test.Login.getusername(Login.java:68)
	at org.test.Login.getusername(Login.java:68)
	at org.test.Login.getusername(Login.java:68)
	at org.test.Login.getusername(Login.java:68)
	at org.test.Login.getusername(Login.java:68)
	at org.test.Login.getusername(Login.java:68)
	at org.test.Login.getusername(Login.java:68)
	at org.test.Login.getusername(Login.java:68)
	at org.test.Login.getusername(Login.java:68)
	at org.test.Login.getusername(Login.java:68)
	at org.test.Login.getusername(Login.java:68)
	at org.test.Login.getusername(Login.java:68)
	at org.test.Login.getusername(Login.java:68)
	at org.test.Login.getusername(Login.java:68)
	at org.test.Login.getusername(Login.java:68)
	at org.test.Login.getusername(Login.java:68)
	at org.test.Login.getusername(Login.java:68)
	at org.test.Login.getusername(Login.java:68)
	at org.test.Login.getusername(Login.java:68)
	at org.test.Login.getusername(Login.java:68)
	at org.test.Login.getusername(Login.java:68)
	at org.test.Login.getusername(Login.java:68)
	at org.test.Login.getusername(Login.java:68)
	at org.test.Login.getusername(Login.java:68)
	at org.test.Login.getusername(Login.java:68)
	at org.test.Login.getusername(Login.java:68)
	at org.test.Login.getusername(Login.java:68)
	at org.test.Login.getusername(Login.java:68)
	at org.test.Login.getusername(Login.java:68)
	at org.test.Login.getusername(Login.java:68)
	at org.test.Login.getusername(Login.java:68)
	at org.test.Login.getusername(Login.java:68)
	at org.test.Login.getusername(Login.java:68)
	at org.test.Login.getusername(Login.java:68)
	at org.test.Login.getusername(Login.java:68)
	at org.test.Login.getusername(Login.java:68)
	at org.test.Login.getusername(Login.java:68)
	at org.test.Login.getusername(Login.java:68)
	at org.test.Login.getusername(Login.java:68)
	at org.test.Login.getusername(Login.java:68)
	at org.test.Login.getusername(Login.java:68)
	at org.test.Login.getusername(Login.java:68)
	at org.test.Login.getusername(Login.java:68)
	at org.test.Login.getusername(Login.java:68)
	at org.test.Login.getusername(Login.java:68)
	at org.test.Login.getusername(Login.java:68)
	at org.test.Login.getusername(Login.java:68)
	at org.test.Login.getusername(Login.java:68)
	at org.test.Login.getusername(Login.java:68)
	at org.test.Login.getusername(Login.java:68)
	at org.test.Login.getusername(Login.java:68)
	at org.test.Login.getusername(Login.java:68)
	at org.test.Login.getusername(Login.java:68)
	at org.test.Login.getusername(Login.java:68)
	at org.test.Login.getusername(Login.java:68)
	at org.test.Login.getusername(Login.java:68)
	at org.test.Login.getusername(Login.java:68)
	at org.test.Login.getusername(Login.java:68)
	at org.test.Login.getusername(Login.java:68)
	at org.test.Login.getusername(Login.java:68)
	at org.test.Login.getusername(Login.java:68)
	at org.test.Login.getusername(Login.java:68)
	at org.test.Login.getusername(Login.java:68)
	at org.test.Login.getusername(Login.java:68)
	at org.test.Login.getusername(Login.java:68)
	at org.test.Login.getusername(Login.java:68)
	at org.test.Login.getusername(Login.java:68)
	at org.test.Login.getusername(Login.java:68)
	at org.test.Login.getusername(Login.java:68)
	at org.test.Login.getusername(Login.java:68)
	at org.test.Login.getusername(Login.java:68)
	at org.test.Login.getusername(Login.java:68)
	at org.test.Login.getusername(Login.java:68)
	at org.test.Login.getusername(Login.java:68)
	at org.test.Login.getusername(Login.java:68)
	at org.test.Login.getusername(Login.java:68)
	at org.test.Login.getusername(Login.java:68)
	at org.test.Login.getusername(Login.java:68)
	at org.test.Login.getusername(Login.java:68)
	at org.test.Login.getusername(Login.java:68)
	at org.test.Login.getusername(Login.java:68)
	at org.test.Login.getusername(Login.java:68)
	at org.test.Login.getusername(Login.java:68)
	at org.test.Login.getusername(Login.java:68)
	at org.test.Login.getusername(Login.java:68)
	at org.test.Login.getusername(Login.java:68)
	at org.test.Login.getusername(Login.java:68)
	at org.test.Login.getusername(Login.java:68)
	at org.test.Login.getusername(Login.java:68)
	at org.test.Login.getusername(Login.java:68)
	at org.test.Login.getusername(Login.java:68)
	at org.test.Login.getusername(Login.java:68)
	at org.test.Login.getusername(Login.java:68)
	at org.test.Login.getusername(Login.java:68)
	at org.test.Login.getusername(Login.java:68)
	at org.test.Login.getusername(Login.java:68)
	at org.test.Login.getusername(Login.java:68)
	at org.test.Login.getusername(Login.java:68)
	at org.test.Login.getusername(Login.java:68)
	at org.test.Login.getusername(Login.java:68)
	at org.test.Login.getusername(Login.java:68)
	at org.test.Login.getusername(Login.java:68)
	at org.test.Login.getusername(Login.java:68)
	at org.test.Login.getusername(Login.java:68)
	at org.test.Login.getusername(Login.java:68)
	at org.test.Login.getusername(Login.java:68)
	at org.test.Login.getusername(Login.java:68)
	at org.test.Login.getusername(Login.java:68)
	at org.test.Login.getusername(Login.java:68)
	at org.test.Login.getusername(Login.java:68)
	at org.test.Login.getusername(Login.java:68)
	at org.test.Login.getusername(Login.java:68)
	at org.test.Login.getusername(Login.java:68)
	at org.test.Login.getusername(Login.java:68)
	at org.test.Login.getusername(Login.java:68)
	at org.test.Login.getusername(Login.java:68)
	at org.test.Login.getusername(Login.java:68)
	at org.test.Login.getusername(Login.java:68)
	at org.test.Login.getusername(Login.java:68)
	at org.test.Login.getusername(Login.java:68)
	at org.test.Login.getusername(Login.java:68)
	at org.test.Login.getusername(Login.java:68)
	at org.test.Login.getusername(Login.java:68)
	at org.test.Login.getusername(Login.java:68)
	at org.test.Login.getusername(Login.java:68)
	at org.test.Login.getusername(Login.java:68)
	at org.test.Login.getusername(Login.java:68)
	at org.test.Login.getusername(Login.java:68)
	at org.test.Login.getusername(Login.java:68)
	at org.test.Login.getusername(Login.java:68)
	at org.test.Login.getusername(Login.java:68)
	at org.test.Login.getusername(Login.java:68)
	at org.test.Login.getusername(Login.java:68)
	at org.test.Login.getusername(Login.java:68)
	at org.test.Login.getusername(Login.java:68)
	at org.test.Login.getusername(Login.java:68)
	at org.test.Login.getusername(Login.java:68)
	at org.test.Login.getusername(Login.java:68)
	at org.test.Login.getusername(Login.java:68)
	at org.test.Login.getusername(Login.java:68)
	at org.test.Login.getusername(Login.java:68)
	at org.test.Login.getusername(Login.java:68)
	at org.test.Login.getusername(Login.java:68)
	at org.test.Login.getusername(Login.java:68)
	at org.test.Login.getusername(Login.java:68)
	at org.test.Login.getusername(Login.java:68)
	at org.test.Login.getusername(Login.java:68)
	at org.test.Login.getusername(Login.java:68)
	at org.test.Login.getusername(Login.java:68)
	at org.test.Login.getusername(Login.java:68)
	at org.test.Login.getusername(Login.java:68)
	at org.test.Login.getusername(Login.java:68)
	at org.test.Login.getusername(Login.java:68)
	at org.test.Login.getusername(Login.java:68)
	at org.test.Login.getusername(Login.java:68)
	at org.test.Login.getusername(Login.java:68)
	at org.test.Login.getusername(Login.java:68)
	at org.test.Login.getusername(Login.java:68)
	at org.test.Login.getusername(Login.java:68)
	at org.test.Login.getusername(Login.java:68)
	at org.test.Login.getusername(Login.java:68)
	at org.test.Login.getusername(Login.java:68)
	at org.test.Login.getusername(Login.java:68)
	at org.test.Login.getusername(Login.java:68)
	at org.test.Login.getusername(Login.java:68)
	at org.test.Login.getusername(Login.java:68)
	at org.test.Login.getusername(Login.java:68)
	at org.test.Login.getusername(Login.java:68)
	at org.test.Login.getusername(Login.java:68)
	at org.test.Login.getusername(Login.java:68)
	at org.test.Login.getusername(Login.java:68)
	at org.test.Login.getusername(Login.java:68)
	at org.test.Login.getusername(Login.java:68)
	at org.test.Login.getusername(Login.java:68)
	at org.test.Login.getusername(Login.java:68)
	at org.test.Login.getusername(Login.java:68)
	at org.test.Login.getusername(Login.java:68)
	at org.test.Login.getusername(Login.java:68)
	at org.test.Login.getusername(Login.java:68)
	at org.test.Login.getusername(Login.java:68)
	at org.test.Login.getusername(Login.java:68)
	at org.test.Login.getusername(Login.java:68)
	at org.test.Login.getusername(Login.java:68)
	at org.test.Login.getusername(Login.java:68)
	at org.test.Login.getusername(Login.java:68)
	at org.test.Login.getusername(Login.java:68)
	at org.test.Login.getusername(Login.java:68)
	at org.test.Login.getusername(Login.java:68)
	at org.test.Login.getusername(Login.java:68)
	at org.test.Login.getusername(Login.java:68)
	at org.test.Login.getusername(Login.java:68)
	at org.test.Login.getusername(Login.java:68)
	at org.test.Login.getusername(Login.java:68)
	at org.test.Login.getusername(Login.java:68)
	at org.test.Login.getusername(Login.java:68)
	at org.test.Login.getusername(Login.java:68)
	at org.test.Login.getusername(Login.java:68)
	at org.test.Login.getusername(Login.java:68)
	at org.test.Login.getusername(Login.java:68)
	at org.test.Login.getusername(Login.java:68)
	at org.test.Login.getusername(Login.java:68)
	at org.test.Login.getusername(Login.java:68)
	at org.test.Login.getusername(Login.java:68)
	at org.test.Login.getusername(Login.java:68)
	at org.test.Login.getusername(Login.java:68)
	at org.test.Login.getusername(Login.java:68)
	at org.test.Login.getusername(Login.java:68)
	at org.test.Login.getusername(Login.java:68)
	at org.test.Login.getusername(Login.java:68)
	at org.test.Login.getusername(Login.java:68)
	at org.test.Login.getusername(Login.java:68)
	at org.test.Login.getusername(Login.java:68)
	at org.test.Login.getusername(Login.java:68)
	at org.test.Login.getusername(Login.java:68)
	at org.test.Login.getusername(Login.java:68)
	at org.test.Login.getusername(Login.java:68)
	at org.test.Login.getusername(Login.java:68)
	at org.test.Login.getusername(Login.java:68)
	at org.test.Login.getusername(Login.java:68)
	at org.test.Login.getusername(Login.java:68)
	at org.test.Login.getusername(Login.java:68)
	at org.test.Login.getusername(Login.java:68)
	at org.test.Login.getusername(Login.java:68)
	at org.test.Login.getusername(Login.java:68)
	at org.test.Login.getusername(Login.java:68)
	at org.test.Login.getusername(Login.java:68)
	at org.test.Login.getusername(Login.java:68)
	at org.test.Login.getusername(Login.java:68)
	at org.test.Login.getusername(Login.java:68)
	at org.test.Login.getusername(Login.java:68)
	at org.test.Login.getusername(Login.java:68)
	at org.test.Login.getusername(Login.java:68)
	at org.test.Login.getusername(Login.java:68)
	at org.test.Login.getusername(Login.java:68)
	at org.test.Login.getusername(Login.java:68)
	at org.test.Login.getusername(Login.java:68)
	at org.test.Login.getusername(Login.java:68)
	at org.test.Login.getusername(Login.java:68)
	at org.test.Login.getusername(Login.java:68)
	at org.test.Login.getusername(Login.java:68)
	at org.test.Login.getusername(Login.java:68)
	at org.test.Login.getusername(Login.java:68)
	at org.test.Login.getusername(Login.java:68)
	at org.test.Login.getusername(Login.java:68)
	at org.test.Login.getusername(Login.java:68)
	at org.test.Login.getusername(Login.java:68)
	at org.test.Login.getusername(Login.java:68)
	at org.test.Login.getusername(Login.java:68)
	at org.test.Login.getusername(Login.java:68)
	at org.test.Login.getusername(Login.java:68)
	at org.test.Login.getusername(Login.java:68)
	at org.test.Login.getusername(Login.java:68)
	at org.test.Login.getusername(Login.java:68)
	at org.test.Login.getusername(Login.java:68)
	at org.test.Login.getusername(Login.java:68)
	at org.test.Login.getusername(Login.java:68)
	at org.test.Login.getusername(Login.java:68)
	at org.test.Login.getusername(Login.java:68)
	at org.test.Login.getusername(Login.java:68)
	at org.test.Login.getusername(Login.java:68)
	at org.test.Login.getusername(Login.java:68)
	at org.test.Login.getusername(Login.java:68)
	at org.test.Login.getusername(Login.java:68)
	at org.test.Login.getusername(Login.java:68)
	at org.test.Login.getusername(Login.java:68)
	at org.test.Login.getusername(Login.java:68)
	at org.test.Login.getusername(Login.java:68)
	at org.test.Login.getusername(Login.java:68)
	at org.test.Login.getusername(Login.java:68)
	at org.test.Login.getusername(Login.java:68)
	at org.test.Login.getusername(Login.java:68)
	at org.test.Login.getusername(Login.java:68)
	at org.test.Login.getusername(Login.java:68)
	at org.test.Login.getusername(Login.java:68)
	at org.test.Login.getusername(Login.java:68)
	at org.test.Login.getusername(Login.java:68)
	at org.test.Login.getusername(Login.java:68)
	at org.test.Login.getusername(Login.java:68)
	at org.test.Login.getusername(Login.java:68)
	at org.test.Login.getusername(Login.java:68)
	at org.test.Login.getusername(Login.java:68)
	at org.test.Login.getusername(Login.java:68)
	at org.test.Login.getusername(Login.java:68)
	at org.test.Login.getusername(Login.java:68)
	at org.test.Login.getusername(Login.java:68)
	at org.test.Login.getusername(Login.java:68)
	at org.test.Login.getusername(Login.java:68)
	at org.test.Login.getusername(Login.java:68)
	at org.test.Login.getusername(Login.java:68)
	at org.test.Login.getusername(Login.java:68)
	at org.test.Login.getusername(Login.java:68)
	at org.test.Login.getusername(Login.java:68)
	at org.test.Login.getusername(Login.java:68)
	at org.test.Login.getusername(Login.java:68)
	at org.test.Login.getusername(Login.java:68)
	at org.test.Login.getusername(Login.java:68)
	at org.test.Login.getusername(Login.java:68)
	at org.test.Login.getusername(Login.java:68)
	at org.test.Login.getusername(Login.java:68)
	at org.test.Login.getusername(Login.java:68)
	at org.test.Login.getusername(Login.java:68)
	at org.test.Login.getusername(Login.java:68)
	at org.test.Login.getusername(Login.java:68)
	at org.test.Login.getusername(Login.java:68)
	at org.test.Login.getusername(Login.java:68)
	at org.test.Login.getusername(Login.java:68)
	at org.test.Login.getusername(Login.java:68)
	at org.test.Login.getusername(Login.java:68)
	at org.test.Login.getusername(Login.java:68)
	at org.test.Login.getusername(Login.java:68)
	at org.test.Login.getusername(Login.java:68)
	at org.test.Login.getusername(Login.java:68)
	at org.test.Login.getusername(Login.java:68)
	at org.test.Login.getusername(Login.java:68)
	at org.test.Login.getusername(Login.java:68)
	at org.test.Login.getusername(Login.java:68)
	at org.test.Login.getusername(Login.java:68)
	at org.test.Login.getusername(Login.java:68)
	at org.test.Login.getusername(Login.java:68)
	at org.test.Login.getusername(Login.java:68)
	at org.test.Login.getusername(Login.java:68)
	at org.test.Login.getusername(Login.java:68)
	at org.test.Login.getusername(Login.java:68)
	at org.test.Login.getusername(Login.java:68)
	at org.test.Login.getusername(Login.java:68)
	at org.test.Login.getusername(Login.java:68)
	at org.test.Login.getusername(Login.java:68)
	at org.test.Login.getusername(Login.java:68)
	at org.test.Login.getusername(Login.java:68)
	at org.test.Login.getusername(Login.java:68)
	at org.test.Login.getusername(Login.java:68)
	at org.test.Login.getusername(Login.java:68)
	at org.test.Login.getusername(Login.java:68)
	at org.test.Login.getusername(Login.java:68)
	at org.test.Login.getusername(Login.java:68)
	at org.test.Login.getusername(Login.java:68)
	at org.test.Login.getusername(Login.java:68)
	at org.test.Login.getusername(Login.java:68)
	at org.test.Login.getusername(Login.java:68)
	at org.test.Login.getusername(Login.java:68)
	at org.test.Login.getusername(Login.java:68)
	at org.test.Login.getusername(Login.java:68)
	at org.test.Login.getusername(Login.java:68)
	at org.test.Login.getusername(Login.java:68)
	at org.test.Login.getusername(Login.java:68)
	at org.test.Login.getusername(Login.java:68)
	at org.test.Login.getusername(Login.java:68)
	at org.test.Login.getusername(Login.java:68)
	at org.test.Login.getusername(Login.java:68)
	at org.test.Login.getusername(Login.java:68)
	at org.test.Login.getusername(Login.java:68)
	at org.test.Login.getusername(Login.java:68)
	at org.test.Login.getusername(Login.java:68)
	at org.test.Login.getusername(Login.java:68)
	at org.test.Login.getusername(Login.java:68)
	at org.test.Login.getusername(Login.java:68)
	at org.test.Login.getusername(Login.java:68)
	at org.test.Login.getusername(Login.java:68)
	at org.test.Login.getusername(Login.java:68)
	at org.test.Login.getusername(Login.java:68)
	at org.test.Login.getusername(Login.java:68)
	at org.test.Login.getusername(Login.java:68)
	at org.test.Login.getusername(Login.java:68)
	at org.test.Login.getusername(Login.java:68)
	at org.test.Login.getusername(Login.java:68)
	at org.test.Login.getusername(Login.java:68)
	at org.test.Login.getusername(Login.java:68)
	at org.test.Login.getusername(Login.java:68)
	at org.test.Login.getusername(Login.java:68)
	at org.test.Login.getusername(Login.java:68)
	at org.test.Login.getusername(Login.java:68)
	at org.test.Login.getusername(Login.java:68)
	at org.test.Login.getusername(Login.java:68)
	at org.test.Login.getusername(Login.java:68)
	at org.test.Login.getusername(Login.java:68)
	at org.test.Login.getusername(Login.java:68)
	at org.test.Login.getusername(Login.java:68)
	at org.test.Login.getusername(Login.java:68)
	at org.test.Login.getusername(Login.java:68)
	at org.test.Login.getusername(Login.java:68)
	at org.test.Login.getusername(Login.java:68)
	at org.test.Login.getusername(Login.java:68)
	at org.test.Login.getusername(Login.java:68)
	at org.test.Login.getusername(Login.java:68)
	at org.test.Login.getusername(Login.java:68)
	at org.test.Login.getusername(Login.java:68)
	at org.test.Login.getusername(Login.java:68)
	at org.test.Login.getusername(Login.java:68)
	at org.test.Login.getusername(Login.java:68)
	at org.test.Login.getusername(Login.java:68)
	at org.test.Login.getusername(Login.java:68)
	at org.test.Login.getusername(Login.java:68)
	at org.test.Login.getusername(Login.java:68)
	at org.test.Login.getusername(Login.java:68)
	at org.test.Login.getusername(Login.java:68)
	at org.test.Login.getusername(Login.java:68)
	at org.test.Login.getusername(Login.java:68)
	at org.test.Login.getusername(Login.java:68)
	at org.test.Login.getusername(Login.java:68)
	at org.test.Login.getusername(Login.java:68)
	at org.test.Login.getusername(Login.java:68)
	at org.test.Login.getusername(Login.java:68)
	at org.test.Login.getusername(Login.java:68)
	at org.test.Login.getusername(Login.java:68)
	at org.test.Login.getusername(Login.java:68)
	at org.test.Login.getusername(Login.java:68)
	at org.test.Login.getusername(Login.java:68)
	at org.test.Login.getusername(Login.java:68)
	at org.test.Login.getusername(Login.java:68)
	at org.test.Login.getusername(Login.java:68)
	at org.test.Login.getusername(Login.java:68)
	at org.test.Login.getusername(Login.java:68)
	at org.test.Login.getusername(Login.java:68)
	at org.test.Login.getusername(Login.java:68)
	at org.test.Login.getusername(Login.java:68)
	at org.test.Login.getusername(Login.java:68)
	at org.test.Login.getusername(Login.java:68)
	at org.test.Login.getusername(Login.java:68)
	at org.test.Login.getusername(Login.java:68)
	at org.test.Login.getusername(Login.java:68)
	at org.test.Login.getusername(Login.java:68)
	at org.test.Login.getusername(Login.java:68)
	at org.test.Login.getusername(Login.java:68)
	at org.test.Login.getusername(Login.java:68)
	at org.test.Login.getusername(Login.java:68)
	at org.test.Login.getusername(Login.java:68)
	at org.test.Login.getusername(Login.java:68)
	at org.test.Login.getusername(Login.java:68)
	at org.test.Login.getusername(Login.java:68)
	at org.test.Login.getusername(Login.java:68)
	at org.test.Login.getusername(Login.java:68)
	at org.test.Login.getusername(Login.java:68)
	at org.test.Login.getusername(Login.java:68)
	at org.test.Login.getusername(Login.java:68)
	at org.test.Login.getusername(Login.java:68)
	at org.test.Login.getusername(Login.java:68)
	at org.test.Login.getusername(Login.java:68)
	at org.test.Login.getusername(Login.java:68)
	at org.test.Login.getusername(Login.java:68)
	at org.test.Login.getusername(Login.java:68)
	at org.test.Login.getusername(Login.java:68)
	at org.test.Login.getusername(Login.java:68)
	at org.test.Login.getusername(Login.java:68)
	at org.test.Login.getusername(Login.java:68)
	at org.test.Login.getusername(Login.java:68)
	at org.test.Login.getusername(Login.java:68)
	at org.test.Login.getusername(Login.java:68)
	at org.test.Login.getusername(Login.java:68)
	at org.test.Login.getusername(Login.java:68)
	at org.test.Login.getusername(Login.java:68)
	at org.test.Login.getusername(Login.java:68)
	at org.test.Login.getusername(Login.java:68)
	at org.test.Login.getusername(Login.java:68)
	at org.test.Login.getusername(Login.java:68)
	at org.test.Login.getusername(Login.java:68)
	at org.test.Login.getusername(Login.java:68)
	at org.test.Login.getusername(Login.java:68)
	at org.test.Login.getusername(Login.java:68)
	at org.test.Login.getusername(Login.java:68)
	at org.test.Login.getusername(Login.java:68)
	at org.test.Login.getusername(Login.java:68)
	at org.test.Login.getusername(Login.java:68)
	at org.test.Login.getusername(Login.java:68)
	at org.test.Login.getusername(Login.java:68)
	at org.test.Login.getusername(Login.java:68)
	at org.test.Login.getusername(Login.java:68)
	at org.test.Login.getusername(Login.java:68)
	at org.test.Login.getusername(Login.java:68)
	at org.test.Login.getusername(Login.java:68)
	at org.test.Login.getusername(Login.java:68)
	at org.test.Login.getusername(Login.java:68)
	at org.test.Login.getusername(Login.java:68)
	at org.test.Login.getusername(Login.java:68)
	at org.test.Login.getusername(Login.java:68)
	at org.test.Login.getusername(Login.java:68)
	at org.test.Login.getusername(Login.java:68)
	at org.test.Login.getusername(Login.java:68)
	at org.test.Login.getusername(Login.java:68)
	at org.test.Login.getusername(Login.java:68)
	at org.test.Login.getusername(Login.java:68)
	at org.test.Login.getusername(Login.java:68)
	at org.test.Login.getusername(Login.java:68)
	at org.test.Login.getusername(Login.java:68)
	at org.test.Login.getusername(Login.java:68)
	at org.test.Login.getusername(Login.java:68)
	at org.test.Login.getusername(Login.java:68)
	at org.test.Login.getusername(Login.java:68)
	at org.test.Login.getusername(Login.java:68)
	at org.test.Login.getusername(Login.java:68)
	at org.test.Login.getusername(Login.java:68)
	at org.test.Login.getusername(Login.java:68)
	at org.test.Login.getusername(Login.java:68)
	at org.test.Login.getusername(Login.java:68)
	at org.test.Login.getusername(Login.java:68)
	at org.test.Login.getusername(Login.java:68)
	at org.test.Login.getusername(Login.java:68)
	at org.test.Login.getusername(Login.java:68)
	at org.test.Login.getusername(Login.java:68)
	at org.test.Login.getusername(Login.java:68)
	at org.test.Login.getusername(Login.java:68)
	at org.test.Login.getusername(Login.java:68)
	at org.test.Login.getusername(Login.java:68)
	at org.test.Login.getusername(Login.java:68)
	at org.test.Login.getusername(Login.java:68)
	at org.test.Login.getusername(Login.java:68)
	at org.test.Login.getusername(Login.java:68)
	at org.test.Login.getusername(Login.java:68)
	at org.test.Login.getusername(Login.java:68)
	at org.test.Login.getusername(Login.java:68)
	at org.test.Login.getusername(Login.java:68)
	at org.test.Login.getusername(Login.java:68)
	at org.test.Login.getusername(Login.java:68)
	at org.test.Login.getusername(Login.java:68)
	at org.test.Login.getusername(Login.java:68)
	at org.test.Login.getusername(Login.java:68)
	at org.test.Login.getusername(Login.java:68)
	at org.test.Login.getusername(Login.java:68)
	at org.test.Login.getusername(Login.java:68)
	at org.test.Login.getusername(Login.java:68)
	at org.test.Login.getusername(Login.java:68)
	at org.test.Login.getusername(Login.java:68)
	at org.test.Login.getusername(Login.java:68)
	at org.test.Login.getusername(Login.java:68)
	at org.test.Login.getusername(Login.java:68)
	at org.test.Login.getusername(Login.java:68)
	at org.test.Login.getusername(Login.java:68)
	at org.test.Login.getusername(Login.java:68)
	at org.test.Login.getusername(Login.java:68)
	at org.test.Login.getusername(Login.java:68)
	at org.test.Login.getusername(Login.java:68)
	at org.test.Login.getusername(Login.java:68)
	at org.test.Login.getusername(Login.java:68)
	at org.test.Login.getusername(Login.java:68)
	at org.test.Login.getusername(Login.java:68)
	at org.test.Login.getusername(Login.java:68)
	at org.test.Login.getusername(Login.java:68)
	at org.test.Login.getusername(Login.java:68)
	at org.test.Login.getusername(Login.java:68)
	at org.test.Login.getusername(Login.java:68)
	at org.test.Login.getusername(Login.java:68)
	at org.test.Login.getusername(Login.java:68)
	at org.test.Login.getusername(Login.java:68)
	at org.test.Login.getusername(Login.java:68)
	at org.test.Login.getusername(Login.java:68)
	at org.test.Login.getusername(Login.java:68)
	at org.test.Login.getusername(Login.java:68)
	at org.test.Login.getusername(Login.java:68)
	at org.test.Login.getusername(Login.java:68)
	at org.test.Login.getusername(Login.java:68)
	at org.test.Login.getusername(Login.java:68)
	at org.test.Login.getusername(Login.java:68)
	at org.test.Login.getusername(Login.java:68)
	at org.test.Login.getusername(Login.java:68)
	at org.test.Login.getusername(Login.java:68)
	at org.test.Login.getusername(Login.java:68)
	at org.test.Login.getusername(Login.java:68)
	at org.test.Login.getusername(Login.java:68)
	at org.test.Login.getusername(Login.java:68)
	at org.test.Login.getusername(Login.java:68)
	at org.test.Login.getusername(Login.java:68)
	at org.test.Login.getusername(Login.java:68)
	at org.test.Login.getusername(Login.java:68)
	at org.test.Login.getusername(Login.java:68)
	at org.test.Login.getusername(Login.java:68)
	at org.test.Login.getusername(Login.java:68)
	at org.test.Login.getusername(Login.java:68)
	at org.test.Login.getusername(Login.java:68)
	at org.test.Login.getusername(Login.java:68)
	at org.test.Login.getusername(Login.java:68)
	at org.test.Login.getusername(Login.java:68)
	at org.test.Login.getusername(Login.java:68)
	at org.test.Login.getusername(Login.java:68)
	at org.test.Login.getusername(Login.java:68)
	at org.test.Login.getusername(Login.java:68)
	at org.test.Login.getusername(Login.java:68)
	at org.test.Login.getusername(Login.java:68)
	at org.test.Login.getusername(Login.java:68)
	at org.test.Login.getusername(Login.java:68)
	at org.test.Login.getusername(Login.java:68)
	at org.test.Login.getusername(Login.java:68)
	at org.test.Login.getusername(Login.java:68)
	at org.test.Login.getusername(Login.java:68)
	at org.test.Login.getusername(Login.java:68)
	at org.test.Login.getusername(Login.java:68)
	at org.test.Login.getusername(Login.java:68)
	at org.test.Login.getusername(Login.java:68)
	at org.test.Login.getusername(Login.java:68)
	at org.test.Login.getusername(Login.java:68)
	at org.test.Login.getusername(Login.java:68)
	at org.test.Login.getusername(Login.java:68)
	at org.test.Login.getusername(Login.java:68)
	at org.test.Login.getusername(Login.java:68)
	at org.test.Login.getusername(Login.java:68)
	at org.test.Login.getusername(Login.java:68)
	at org.test.Login.getusername(Login.java:68)
	at org.test.Login.getusername(Login.java:68)
	at org.test.Login.getusername(Login.java:68)
	at org.test.Login.getusername(Login.java:68)
	at org.test.Login.getusername(Login.java:68)
	at org.test.Login.getusername(Login.java:68)
	at org.test.Login.getusername(Login.java:68)
	at org.test.Login.getusername(Login.java:68)
	at org.test.Login.getusername(Login.java:68)
	at org.test.Login.getusername(Login.java:68)
	at org.test.Login.getusername(Login.java:68)
	at org.test.Login.getusername(Login.java:68)
	at org.test.Login.getusername(Login.java:68)
	at org.test.Login.getusername(Login.java:68)
	at org.test.Login.getusername(Login.java:68)
	at org.test.Login.getusername(Login.java:68)
	at org.test.Login.getusername(Login.java:68)
	at org.test.Login.getusername(Login.java:68)
	at org.test.Login.getusername(Login.java:68)
	at org.test.Login.getusername(Login.java:68)
	at org.test.Login.getusername(Login.java:68)
	at org.test.Login.getusername(Login.java:68)
	at org.test.Login.getusername(Login.java:68)
	at org.test.Login.getusername(Login.java:68)
	at org.test.Login.getusername(Login.java:68)
	at org.test.Login.getusername(Login.java:68)
	at org.test.Login.getusername(Login.java:68)
	at org.test.Login.getusername(Login.java:68)
	at org.test.Login.getusername(Login.java:68)
	at org.test.Login.getusername(Login.java:68)
	at org.test.Login.getusername(Login.java:68)
	at org.test.Login.getusername(Login.java:68)
	at org.test.Login.getusername(Login.java:68)
	at org.test.Login.getusername(Login.java:68)
	at org.test.Login.getusername(Login.java:68)
	at org.test.Login.getusername(Login.java:68)
	at org.test.Login.getusername(Login.java:68)
	at org.test.Login.getusername(Login.java:68)
	at org.test.Login.getusername(Login.java:68)
	at org.test.Login.getusername(Login.java:68)
	at org.test.Login.getusername(Login.java:68)
	at org.test.Login.getusername(Login.java:68)
	at org.test.Login.getusername(Login.java:68)
	at org.test.Login.getusername(Login.java:68)
	at org.test.Login.getusername(Login.java:68)
	at org.test.Login.getusername(Login.java:68)
	at org.test.Login.getusername(Login.java:68)
	at org.test.Login.getusername(Login.java:68)
	at org.test.Login.getusername(Login.java:68)
	at org.test.Login.getusername(Login.java:68)
	at org.test.Login.getusername(Login.java:68)
	at org.test.Login.getusername(Login.java:68)
	at org.test.Login.getusername(Login.java:68)
	at org.test.Login.getusername(Login.java:68)
	at org.test.Login.getusername(Login.java:68)
	at org.test.Login.getusername(Login.java:68)
	at org.test.Login.getusername(Login.java:68)
	at org.test.Login.getusername(Login.java:68)
	at org.test.Login.getusername(Login.java:68)
	at org.test.Login.getusername(Login.java:68)
	at org.test.Login.getusername(Login.java:68)
	at org.test.Login.getusername(Login.java:68)
	at org.test.Login.getusername(Login.java:68)
	at org.test.Login.getusername(Login.java:68)
	at org.test.Login.getusername(Login.java:68)
	at org.test.Login.getusername(Login.java:68)
	at org.test.Login.getusername(Login.java:68)
	at org.test.Login.getusername(Login.java:68)
	at org.test.Login.getusername(Login.java:68)
	at org.test.Login.getusername(Login.java:68)
	at org.test.Login.getusername(Login.java:68)
	at org.test.Login.getusername(Login.java:68)
	at org.test.Login.getusername(Login.java:68)
	at org.test.Login.getusername(Login.java:68)
	at org.test.Login.getusername(Login.java:68)
	at org.test.Login.getusername(Login.java:68)
	at org.test.Login.getusername(Login.java:68)
	at org.test.Login.getusername(Login.java:68)
	at org.test.Login.getusername(Login.java:68)
	at org.test.Login.getusername(Login.java:68)
	at org.test.Login.getusername(Login.java:68)
	at org.test.Login.getusername(Login.java:68)
	at org.test.Login.getusername(Login.java:68)
	at org.test.Login.getusername(Login.java:68)
	at org.test.Login.getusername(Login.java:68)
	at org.test.Login.getusername(Login.java:68)
	at org.test.Login.getusername(Login.java:68)
	at org.test.Login.getusername(Login.java:68)
	at org.test.Login.getusername(Login.java:68)
	at org.test.Login.getusername(Login.java:68)
	at org.test.Login.getusername(Login.java:68)
	at org.test.Login.getusername(Login.java:68)
	at org.test.Login.getusername(Login.java:68)
	at org.test.Login.getusername(Login.java:68)
	at org.test.Login.getusername(Login.java:68)
	at org.test.Login.getusername(Login.java:68)
	at org.test.Login.getusername(Login.java:68)
	at org.test.Login.getusername(Login.java:68)
	at org.test.Login.getusername(Login.java:68)
	at org.test.Login.getusername(Login.java:68)
	at org.test.Login.getusername(Login.java:68)
	at org.test.Login.getusername(Login.java:68)
	at org.test.Login.getusername(Login.java:68)
	at org.test.Login.getusername(Login.java:68)
	at org.test.Login.getusername(Login.java:68)
	at org.test.Login.getusername(Login.java:68)
	at org.test.Login.getusername(Login.java:68)
	at org.test.Login.getusername(Login.java:68)
	at org.test.Login.getusername(Login.java:68)
	at org.test.Login.getusername(Login.java:68)
	at org.test.Login.getusername(Login.java:68)
	at org.test.Login.getusername(Login.java:68)
	at org.test.Login.getusername(Login.java:68)
	at org.test.Login.getusername(Login.java:68)
	at org.test.Login.getusername(Login.java:68)
	at org.test.Login.getusername(Login.java:68)
	at org.test.Login.getusername(Login.java:68)
	at org.test.Login.getusername(Login.java:68)
	at org.test.Login.getusername(Login.java:68)
	at org.test.Login.getusername(Login.java:68)
	at org.test.Login.getusername(Login.java:68)
	at org.test.Login.getusername(Login.java:68)
	at org.test.Login.getusername(Login.java:68)
	at org.test.Login.getusername(Login.java:68)
	at org.test.Login.getusername(Login.java:68)
	at org.test.Login.getusername(Login.java:68)
	at org.test.Login.getusername(Login.java:68)
	at org.test.Login.getusername(Login.java:68)
	at org.test.Login.getusername(Login.java:68)
	at org.test.Login.getusername(Login.java:68)
	at org.test.Login.getusername(Login.java:68)
	at org.test.Login.getusername(Login.java:68)
	at org.test.Login.getusername(Login.java:68)
	at org.test.Login.getusername(Login.java:68)
	at org.test.Login.getusername(Login.java:68)
	at org.test.Login.getusername(Login.java:68)
	at org.test.Login.getusername(Login.java:68)
	at org.test.Login.getusername(Login.java:68)
	at org.test.Login.getusername(Login.java:68)
	at org.test.Login.getusername(Login.java:68)
	at org.test.Login.getusername(Login.java:68)
	at org.test.Login.getusername(Login.java:68)
	at org.test.Login.getusername(Login.java:68)
	at org.test.Login.getusername(Login.java:68)
	at org.test.Login.getusername(Login.java:68)
	at org.test.Login.getusername(Login.java:68)
	at org.test.Login.getusername(Login.java:68)
	at org.test.Login.getusername(Login.java:68)
	at org.test.Login.getusername(Login.java:68)
	at org.test.Login.getusername(Login.java:68)
	at org.test.Login.getusername(Login.java:68)
	at org.test.Login.getusername(Login.java:68)
	at org.test.Login.getusername(Login.java:68)
	at org.test.Login.getusername(Login.java:68)
	at org.test.Login.getusername(Login.java:68)
	at org.test.Login.getusername(Login.java:68)
	at org.test.Login.getusername(Login.java:68)
	at org.test.Login.getusername(Login.java:68)
	at org.test.Login.getusername(Login.java:68)
	at org.test.Login.getusername(Login.java:68)
	at org.test.Login.getusername(Login.java:68)
	at org.test.Login.getusername(Login.java:68)
	at org.test.Login.getusername(Login.java:68)
	at org.test.Login.getusername(Login.java:68)
	at org.test.Login.getusername(Login.java:68)
	at org.test.Login.getusername(Login.java:68)
	at org.test.Login.getusername(Login.java:68)
	at org.test.Login.getusername(Login.java:68)
	at org.test.Login.getusername(Login.java:68)
	at org.test.Login.getusername(Login.java:68)
	at org.test.Login.getusername(Login.java:68)
	at org.test.Login.getusername(Login.java:68)
	at org.test.Login.getusername(Login.java:68)
	at org.test.Login.getusername(Login.java:68)
	at org.test.Login.getusername(Login.java:68)
	at org.test.Login.getusername(Login.java:68)
	at org.test.Login.getusername(Login.java:68)
	at org.test.Login.getusername(Login.java:68)
	at org.test.Login.getusername(Login.java:68)
	at org.test.Login.getusername(Login.java:68)
	at org.test.Login.getusername(Login.java:68)
	at org.test.Login.getusername(Login.java:68)
	at org.test.Login.getusername(Login.java:68)
	at org.test.Login.getusername(Login.java:68)
	at org.test.Login.getusername(Login.java:68)
	at org.test.Login.getusername(Login.java:68)
	at org.test.Login.getusername(Login.java:68)
	at org.test.Login.getusername(Login.java:68)
	at org.test.Login.getusername(Login.java:68)
	at org.test.Login.getusername(Login.java:68)
	at org.test.Login.getusername(Login.java:68)
	at org.test.Login.getusername(Login.java:68)
	at org.test.Login.getusername(Login.java:68)
	at org.test.Login.getusername(Login.java:68)
	at org.test.Login.getusername(Login.java:68)
	at org.test.Login.getusername(Login.java:68)
	at org.test.Login.getusername(Login.java:68)
	at org.test.Login.getusername(Login.java:68)
	at org.test.Login.getusername(Login.java:68)
	at org.test.Login.getusername(Login.java:68)
	at org.test.Login.getusername(Login.java:68)
	at org.test.Login.getusername(Login.java:68)
	at org.test.Login.getusername(Login.java:68)
	at org.test.Login.getusername(Login.java:68)
	at org.test.Login.getusername(Login.java:68)
	at org.test.Login.getusername(Login.java:68)
	at org.test.Login.getusername(Login.java:68)
	at org.test.Login.getusername(Login.java:68)
	at org.test.Login.getusername(Login.java:68)
	at org.test.Login.getusername(Login.java:68)
	at org.test.Login.getusername(Login.java:68)
	at org.test.Login.getusername(Login.java:68)
	at org.test.Login.getusername(Login.java:68)
	at org.test.Login.getusername(Login.java:68)
	at org.test.Login.getusername(Login.java:68)
	at org.test.Login.getusername(Login.java:68)
	at org.test.Login.getusername(Login.java:68)
	at org.test.Login.getusername(Login.java:68)
	at org.test.Login.getusername(Login.java:68)
	at org.test.Login.getusername(Login.java:68)
	at org.test.Login.getusername(Login.java:68)
	at org.test.Login.getusername(Login.java:68)
	at org.test.Login.getusername(Login.java:68)
	at org.test.Login.getusername(Login.java:68)
	at org.test.Login.getusername(Login.java:68)
	at org.test.Login.getusername(Login.java:68)
	at org.test.Login.getusername(Login.java:68)
	at org.test.Login.getusername(Login.java:68)
	at org.test.Login.getusername(Login.java:68)
	at org.test.Login.getusername(Login.java:68)
	at org.test.Login.getusername(Login.java:68)
	at org.test.Login.getusername(Login.java:68)
	at org.test.Login.getusername(Login.java:68)
	at org.test.Login.getusername(Login.java:68)
	at org.test.Login.getusername(Login.java:68)
	at org.test.Login.getusername(Login.java:68)
	at org.test.Login.getusername(Login.java:68)
	at org.test.Login.getusername(Login.java:68)
	at org.test.Login.getusername(Login.java:68)
	at org.test.Login.getusername(Login.java:68)
	at org.test.Login.getusername(Login.java:68)
	at org.test.Login.getusername(Login.java:68)
	at org.test.Login.getusername(Login.java:68)
	at org.test.Login.getusername(Login.java:68)
	at org.test.Login.getusername(Login.java:68)
	at org.test.Login.getusername(Login.java:68)
	at org.test.Login.getusername(Login.java:68)
	at org.test.Login.getusername(Login.java:68)
	at org.test.Login.getusername(Login.java:68)
	at org.test.Login.getusername(Login.java:68)
	at org.test.Login.getusername(Login.java:68)
	at org.test.Login.getusername(Login.java:68)
	at org.test.Login.getusername(Login.java:68)
	at org.test.Login.getusername(Login.java:68)
	at org.test.Login.getusername(Login.java:68)
	at org.test.Login.getusername(Login.java:68)
	at org.test.Login.getusername(Login.java:68)
	at org.test.Login.getusername(Login.java:68)
	at org.test.Login.getusername(Login.java:68)
	at org.test.Login.getusername(Login.java:68)
	at org.test.Login.getusername(Login.java:68)
	at org.test.Login.getusername(Login.java:68)
	at org.test.Login.getusername(Login.java:68)
	at org.test.Login.getusername(Login.java:68)
	at org.test.Login.getusername(Login.java:68)
	at org.test.Login.getusername(Login.java:68)
	at org.test.Login.getusername(Login.java:68)
	at org.test.Login.getusername(Login.java:68)
	at org.test.Login.getusername(Login.java:68)
	at org.test.Login.getusername(Login.java:68)
	at org.test.Login.getusername(Login.java:68)
	at org.test.Login.getusername(Login.java:68)
	at org.test.Login.getusername(Login.java:68)
	at org.test.Login.getusername(Login.java:68)
	at org.test.Login.getusername(Login.java:68)
	at org.test.Login.getusername(Login.java:68)
	at org.test.Login.getusername(Login.java:68)
	at org.test.Login.getusername(Login.java:68)
	at org.test.Login.getusername(Login.java:68)
	at org.test.Login.getusername(Login.java:68)
	at org.test.Login.getusername(Login.java:68)
	at org.test.Login.getusername(Login.java:68)
	at org.test.Login.getusername(Login.java:68)
	at org.test.Login.getusername(Login.java:68)
	at org.test.Login.getusername(Login.java:68)
	at org.test.Login.getusername(Login.java:68)
	at org.test.Login.getusername(Login.java:68)
	at org.test.Login.getusername(Login.java:68)
	at org.test.Login.getusername(Login.java:68)
	at org.test.Login.getusername(Login.java:68)
	at org.test.Login.getusername(Login.java:68)
	at org.test.Login.getusername(Login.java:68)
	at org.test.Login.getusername(Login.java:68)
	at org.test.Login.getusername(Login.java:68)
	at org.test.Login.getusername(Login.java:68)
	at org.test.Login.getusername(Login.java:68)
	at org.test.Login.getusername(Login.java:68)
	at org.test.Login.getusername(Login.java:68)
	at org.test.Login.getusername(Login.java:68)
	at org.test.Login.getusername(Login.java:68)
	at org.test.Login.getusername(Login.java:68)
	at org.test.Login.getusername(Login.java:68)
	at org.test.Login.getusername(Login.java:68)
	at org.test.Login.getusername(Login.java:68)
	at org.test.Login.getusername(Login.java:68)
	at org.test.Login.getusername(Login.java:68)
	at org.test.Login.getusername(Login.java:68)
	at org.test.Login.getusername(Login.java:68)
	at org.test.Login.getusername(Login.java:68)
	at org.test.Login.getusername(Login.java:68)
]]>
    </error>
  </testcase> <!-- test1 -->
  <testcase name="test1" time="10.829" classname="org.tesss.facebook2">
    <error type="java.lang.StackOverflowError">
      <![CDATA[java.lang.StackOverflowError
	at org.test.Login.getusername(Login.java:68)
	at org.test.Login.getusername(Login.java:68)
	at org.test.Login.getusername(Login.java:68)
	at org.test.Login.getusername(Login.java:68)
	at org.test.Login.getusername(Login.java:68)
	at org.test.Login.getusername(Login.java:68)
	at org.test.Login.getusername(Login.java:68)
	at org.test.Login.getusername(Login.java:68)
	at org.test.Login.getusername(Login.java:68)
	at org.test.Login.getusername(Login.java:68)
	at org.test.Login.getusername(Login.java:68)
	at org.test.Login.getusername(Login.java:68)
	at org.test.Login.getusername(Login.java:68)
	at org.test.Login.getusername(Login.java:68)
	at org.test.Login.getusername(Login.java:68)
	at org.test.Login.getusername(Login.java:68)
	at org.test.Login.getusername(Login.java:68)
	at org.test.Login.getusername(Login.java:68)
	at org.test.Login.getusername(Login.java:68)
	at org.test.Login.getusername(Login.java:68)
	at org.test.Login.getusername(Login.java:68)
	at org.test.Login.getusername(Login.java:68)
	at org.test.Login.getusername(Login.java:68)
	at org.test.Login.getusername(Login.java:68)
	at org.test.Login.getusername(Login.java:68)
	at org.test.Login.getusername(Login.java:68)
	at org.test.Login.getusername(Login.java:68)
	at org.test.Login.getusername(Login.java:68)
	at org.test.Login.getusername(Login.java:68)
	at org.test.Login.getusername(Login.java:68)
	at org.test.Login.getusername(Login.java:68)
	at org.test.Login.getusername(Login.java:68)
	at org.test.Login.getusername(Login.java:68)
	at org.test.Login.getusername(Login.java:68)
	at org.test.Login.getusername(Login.java:68)
	at org.test.Login.getusername(Login.java:68)
	at org.test.Login.getusername(Login.java:68)
	at org.test.Login.getusername(Login.java:68)
	at org.test.Login.getusername(Login.java:68)
	at org.test.Login.getusername(Login.java:68)
	at org.test.Login.getusername(Login.java:68)
	at org.test.Login.getusername(Login.java:68)
	at org.test.Login.getusername(Login.java:68)
	at org.test.Login.getusername(Login.java:68)
	at org.test.Login.getusername(Login.java:68)
	at org.test.Login.getusername(Login.java:68)
	at org.test.Login.getusername(Login.java:68)
	at org.test.Login.getusername(Login.java:68)
	at org.test.Login.getusername(Login.java:68)
	at org.test.Login.getusername(Login.java:68)
	at org.test.Login.getusername(Login.java:68)
	at org.test.Login.getusername(Login.java:68)
	at org.test.Login.getusername(Login.java:68)
	at org.test.Login.getusername(Login.java:68)
	at org.test.Login.getusername(Login.java:68)
	at org.test.Login.getusername(Login.java:68)
	at org.test.Login.getusername(Login.java:68)
	at org.test.Login.getusername(Login.java:68)
	at org.test.Login.getusername(Login.java:68)
	at org.test.Login.getusername(Login.java:68)
	at org.test.Login.getusername(Login.java:68)
	at org.test.Login.getusername(Login.java:68)
	at org.test.Login.getusername(Login.java:68)
	at org.test.Login.getusername(Login.java:68)
	at org.test.Login.getusername(Login.java:68)
	at org.test.Login.getusername(Login.java:68)
	at org.test.Login.getusername(Login.java:68)
	at org.test.Login.getusername(Login.java:68)
	at org.test.Login.getusername(Login.java:68)
	at org.test.Login.getusername(Login.java:68)
	at org.test.Login.getusername(Login.java:68)
	at org.test.Login.getusername(Login.java:68)
	at org.test.Login.getusername(Login.java:68)
	at org.test.Login.getusername(Login.java:68)
	at org.test.Login.getusername(Login.java:68)
	at org.test.Login.getusername(Login.java:68)
	at org.test.Login.getusername(Login.java:68)
	at org.test.Login.getusername(Login.java:68)
	at org.test.Login.getusername(Login.java:68)
	at org.test.Login.getusername(Login.java:68)
	at org.test.Login.getusername(Login.java:68)
	at org.test.Login.getusername(Login.java:68)
	at org.test.Login.getusername(Login.java:68)
	at org.test.Login.getusername(Login.java:68)
	at org.test.Login.getusername(Login.java:68)
	at org.test.Login.getusername(Login.java:68)
	at org.test.Login.getusername(Login.java:68)
	at org.test.Login.getusername(Login.java:68)
	at org.test.Login.getusername(Login.java:68)
	at org.test.Login.getusername(Login.java:68)
	at org.test.Login.getusername(Login.java:68)
	at org.test.Login.getusername(Login.java:68)
	at org.test.Login.getusername(Login.java:68)
	at org.test.Login.getusername(Login.java:68)
	at org.test.Login.getusername(Login.java:68)
	at org.test.Login.getusername(Login.java:68)
	at org.test.Login.getusername(Login.java:68)
	at org.test.Login.getusername(Login.java:68)
	at org.test.Login.getusername(Login.java:68)
	at org.test.Login.getusername(Login.java:68)
	at org.test.Login.getusername(Login.java:68)
	at org.test.Login.getusername(Login.java:68)
	at org.test.Login.getusername(Login.java:68)
	at org.test.Login.getusername(Login.java:68)
	at org.test.Login.getusername(Login.java:68)
	at org.test.Login.getusername(Login.java:68)
	at org.test.Login.getusername(Login.java:68)
	at org.test.Login.getusername(Login.java:68)
	at org.test.Login.getusername(Login.java:68)
	at org.test.Login.getusername(Login.java:68)
	at org.test.Login.getusername(Login.java:68)
	at org.test.Login.getusername(Login.java:68)
	at org.test.Login.getusername(Login.java:68)
	at org.test.Login.getusername(Login.java:68)
	at org.test.Login.getusername(Login.java:68)
	at org.test.Login.getusername(Login.java:68)
	at org.test.Login.getusername(Login.java:68)
	at org.test.Login.getusername(Login.java:68)
	at org.test.Login.getusername(Login.java:68)
	at org.test.Login.getusername(Login.java:68)
	at org.test.Login.getusername(Login.java:68)
	at org.test.Login.getusername(Login.java:68)
	at org.test.Login.getusername(Login.java:68)
	at org.test.Login.getusername(Login.java:68)
	at org.test.Login.getusername(Login.java:68)
	at org.test.Login.getusername(Login.java:68)
	at org.test.Login.getusername(Login.java:68)
	at org.test.Login.getusername(Login.java:68)
	at org.test.Login.getusername(Login.java:68)
	at org.test.Login.getusername(Login.java:68)
	at org.test.Login.getusername(Login.java:68)
	at org.test.Login.getusername(Login.java:68)
	at org.test.Login.getusername(Login.java:68)
	at org.test.Login.getusername(Login.java:68)
	at org.test.Login.getusername(Login.java:68)
	at org.test.Login.getusername(Login.java:68)
	at org.test.Login.getusername(Login.java:68)
	at org.test.Login.getusername(Login.java:68)
	at org.test.Login.getusername(Login.java:68)
	at org.test.Login.getusername(Login.java:68)
	at org.test.Login.getusername(Login.java:68)
	at org.test.Login.getusername(Login.java:68)
	at org.test.Login.getusername(Login.java:68)
	at org.test.Login.getusername(Login.java:68)
	at org.test.Login.getusername(Login.java:68)
	at org.test.Login.getusername(Login.java:68)
	at org.test.Login.getusername(Login.java:68)
	at org.test.Login.getusername(Login.java:68)
	at org.test.Login.getusername(Login.java:68)
	at org.test.Login.getusername(Login.java:68)
	at org.test.Login.getusername(Login.java:68)
	at org.test.Login.getusername(Login.java:68)
	at org.test.Login.getusername(Login.java:68)
	at org.test.Login.getusername(Login.java:68)
	at org.test.Login.getusername(Login.java:68)
	at org.test.Login.getusername(Login.java:68)
	at org.test.Login.getusername(Login.java:68)
	at org.test.Login.getusername(Login.java:68)
	at org.test.Login.getusername(Login.java:68)
	at org.test.Login.getusername(Login.java:68)
	at org.test.Login.getusername(Login.java:68)
	at org.test.Login.getusername(Login.java:68)
	at org.test.Login.getusername(Login.java:68)
	at org.test.Login.getusername(Login.java:68)
	at org.test.Login.getusername(Login.java:68)
	at org.test.Login.getusername(Login.java:68)
	at org.test.Login.getusername(Login.java:68)
	at org.test.Login.getusername(Login.java:68)
	at org.test.Login.getusername(Login.java:68)
	at org.test.Login.getusername(Login.java:68)
	at org.test.Login.getusername(Login.java:68)
	at org.test.Login.getusername(Login.java:68)
	at org.test.Login.getusername(Login.java:68)
	at org.test.Login.getusername(Login.java:68)
	at org.test.Login.getusername(Login.java:68)
	at org.test.Login.getusername(Login.java:68)
	at org.test.Login.getusername(Login.java:68)
	at org.test.Login.getusername(Login.java:68)
	at org.test.Login.getusername(Login.java:68)
	at org.test.Login.getusername(Login.java:68)
	at org.test.Login.getusername(Login.java:68)
	at org.test.Login.getusername(Login.java:68)
	at org.test.Login.getusername(Login.java:68)
	at org.test.Login.getusername(Login.java:68)
	at org.test.Login.getusername(Login.java:68)
	at org.test.Login.getusername(Login.java:68)
	at org.test.Login.getusername(Login.java:68)
	at org.test.Login.getusername(Login.java:68)
	at org.test.Login.getusername(Login.java:68)
	at org.test.Login.getusername(Login.java:68)
	at org.test.Login.getusername(Login.java:68)
	at org.test.Login.getusername(Login.java:68)
	at org.test.Login.getusername(Login.java:68)
	at org.test.Login.getusername(Login.java:68)
	at org.test.Login.getusername(Login.java:68)
	at org.test.Login.getusername(Login.java:68)
	at org.test.Login.getusername(Login.java:68)
	at org.test.Login.getusername(Login.java:68)
	at org.test.Login.getusername(Login.java:68)
	at org.test.Login.getusername(Login.java:68)
	at org.test.Login.getusername(Login.java:68)
	at org.test.Login.getusername(Login.java:68)
	at org.test.Login.getusername(Login.java:68)
	at org.test.Login.getusername(Login.java:68)
	at org.test.Login.getusername(Login.java:68)
	at org.test.Login.getusername(Login.java:68)
	at org.test.Login.getusername(Login.java:68)
	at org.test.Login.getusername(Login.java:68)
	at org.test.Login.getusername(Login.java:68)
	at org.test.Login.getusername(Login.java:68)
	at org.test.Login.getusername(Login.java:68)
	at org.test.Login.getusername(Login.java:68)
	at org.test.Login.getusername(Login.java:68)
	at org.test.Login.getusername(Login.java:68)
	at org.test.Login.getusername(Login.java:68)
	at org.test.Login.getusername(Login.java:68)
	at org.test.Login.getusername(Login.java:68)
	at org.test.Login.getusername(Login.java:68)
	at org.test.Login.getusername(Login.java:68)
	at org.test.Login.getusername(Login.java:68)
	at org.test.Login.getusername(Login.java:68)
	at org.test.Login.getusername(Login.java:68)
	at org.test.Login.getusername(Login.java:68)
	at org.test.Login.getusername(Login.java:68)
	at org.test.Login.getusername(Login.java:68)
	at org.test.Login.getusername(Login.java:68)
	at org.test.Login.getusername(Login.java:68)
	at org.test.Login.getusername(Login.java:68)
	at org.test.Login.getusername(Login.java:68)
	at org.test.Login.getusername(Login.java:68)
	at org.test.Login.getusername(Login.java:68)
	at org.test.Login.getusername(Login.java:68)
	at org.test.Login.getusername(Login.java:68)
	at org.test.Login.getusername(Login.java:68)
	at org.test.Login.getusername(Login.java:68)
	at org.test.Login.getusername(Login.java:68)
	at org.test.Login.getusername(Login.java:68)
	at org.test.Login.getusername(Login.java:68)
	at org.test.Login.getusername(Login.java:68)
	at org.test.Login.getusername(Login.java:68)
	at org.test.Login.getusername(Login.java:68)
	at org.test.Login.getusername(Login.java:68)
	at org.test.Login.getusername(Login.java:68)
	at org.test.Login.getusername(Login.java:68)
	at org.test.Login.getusername(Login.java:68)
	at org.test.Login.getusername(Login.java:68)
	at org.test.Login.getusername(Login.java:68)
	at org.test.Login.getusername(Login.java:68)
	at org.test.Login.getusername(Login.java:68)
	at org.test.Login.getusername(Login.java:68)
	at org.test.Login.getusername(Login.java:68)
	at org.test.Login.getusername(Login.java:68)
	at org.test.Login.getusername(Login.java:68)
	at org.test.Login.getusername(Login.java:68)
	at org.test.Login.getusername(Login.java:68)
	at org.test.Login.getusername(Login.java:68)
	at org.test.Login.getusername(Login.java:68)
	at org.test.Login.getusername(Login.java:68)
	at org.test.Login.getusername(Login.java:68)
	at org.test.Login.getusername(Login.java:68)
	at org.test.Login.getusername(Login.java:68)
	at org.test.Login.getusername(Login.java:68)
	at org.test.Login.getusername(Login.java:68)
	at org.test.Login.getusername(Login.java:68)
	at org.test.Login.getusername(Login.java:68)
	at org.test.Login.getusername(Login.java:68)
	at org.test.Login.getusername(Login.java:68)
	at org.test.Login.getusername(Login.java:68)
	at org.test.Login.getusername(Login.java:68)
	at org.test.Login.getusername(Login.java:68)
	at org.test.Login.getusername(Login.java:68)
	at org.test.Login.getusername(Login.java:68)
	at org.test.Login.getusername(Login.java:68)
	at org.test.Login.getusername(Login.java:68)
	at org.test.Login.getusername(Login.java:68)
	at org.test.Login.getusername(Login.java:68)
	at org.test.Login.getusername(Login.java:68)
	at org.test.Login.getusername(Login.java:68)
	at org.test.Login.getusername(Login.java:68)
	at org.test.Login.getusername(Login.java:68)
	at org.test.Login.getusername(Login.java:68)
	at org.test.Login.getusername(Login.java:68)
	at org.test.Login.getusername(Login.java:68)
	at org.test.Login.getusername(Login.java:68)
	at org.test.Login.getusername(Login.java:68)
	at org.test.Login.getusername(Login.java:68)
	at org.test.Login.getusername(Login.java:68)
	at org.test.Login.getusername(Login.java:68)
	at org.test.Login.getusername(Login.java:68)
	at org.test.Login.getusername(Login.java:68)
	at org.test.Login.getusername(Login.java:68)
	at org.test.Login.getusername(Login.java:68)
	at org.test.Login.getusername(Login.java:68)
	at org.test.Login.getusername(Login.java:68)
	at org.test.Login.getusername(Login.java:68)
	at org.test.Login.getusername(Login.java:68)
	at org.test.Login.getusername(Login.java:68)
	at org.test.Login.getusername(Login.java:68)
	at org.test.Login.getusername(Login.java:68)
	at org.test.Login.getusername(Login.java:68)
	at org.test.Login.getusername(Login.java:68)
	at org.test.Login.getusername(Login.java:68)
	at org.test.Login.getusername(Login.java:68)
	at org.test.Login.getusername(Login.java:68)
	at org.test.Login.getusername(Login.java:68)
	at org.test.Login.getusername(Login.java:68)
	at org.test.Login.getusername(Login.java:68)
	at org.test.Login.getusername(Login.java:68)
	at org.test.Login.getusername(Login.java:68)
	at org.test.Login.getusername(Login.java:68)
	at org.test.Login.getusername(Login.java:68)
	at org.test.Login.getusername(Login.java:68)
	at org.test.Login.getusername(Login.java:68)
	at org.test.Login.getusername(Login.java:68)
	at org.test.Login.getusername(Login.java:68)
	at org.test.Login.getusername(Login.java:68)
	at org.test.Login.getusername(Login.java:68)
	at org.test.Login.getusername(Login.java:68)
	at org.test.Login.getusername(Login.java:68)
	at org.test.Login.getusername(Login.java:68)
	at org.test.Login.getusername(Login.java:68)
	at org.test.Login.getusername(Login.java:68)
	at org.test.Login.getusername(Login.java:68)
	at org.test.Login.getusername(Login.java:68)
	at org.test.Login.getusername(Login.java:68)
	at org.test.Login.getusername(Login.java:68)
	at org.test.Login.getusername(Login.java:68)
	at org.test.Login.getusername(Login.java:68)
	at org.test.Login.getusername(Login.java:68)
	at org.test.Login.getusername(Login.java:68)
	at org.test.Login.getusername(Login.java:68)
	at org.test.Login.getusername(Login.java:68)
	at org.test.Login.getusername(Login.java:68)
	at org.test.Login.getusername(Login.java:68)
	at org.test.Login.getusername(Login.java:68)
	at org.test.Login.getusername(Login.java:68)
	at org.test.Login.getusername(Login.java:68)
	at org.test.Login.getusername(Login.java:68)
	at org.test.Login.getusername(Login.java:68)
	at org.test.Login.getusername(Login.java:68)
	at org.test.Login.getusername(Login.java:68)
	at org.test.Login.getusername(Login.java:68)
	at org.test.Login.getusername(Login.java:68)
	at org.test.Login.getusername(Login.java:68)
	at org.test.Login.getusername(Login.java:68)
	at org.test.Login.getusername(Login.java:68)
	at org.test.Login.getusername(Login.java:68)
	at org.test.Login.getusername(Login.java:68)
	at org.test.Login.getusername(Login.java:68)
	at org.test.Login.getusername(Login.java:68)
	at org.test.Login.getusername(Login.java:68)
	at org.test.Login.getusername(Login.java:68)
	at org.test.Login.getusername(Login.java:68)
	at org.test.Login.getusername(Login.java:68)
	at org.test.Login.getusername(Login.java:68)
	at org.test.Login.getusername(Login.java:68)
	at org.test.Login.getusername(Login.java:68)
	at org.test.Login.getusername(Login.java:68)
	at org.test.Login.getusername(Login.java:68)
	at org.test.Login.getusername(Login.java:68)
	at org.test.Login.getusername(Login.java:68)
	at org.test.Login.getusername(Login.java:68)
	at org.test.Login.getusername(Login.java:68)
	at org.test.Login.getusername(Login.java:68)
	at org.test.Login.getusername(Login.java:68)
	at org.test.Login.getusername(Login.java:68)
	at org.test.Login.getusername(Login.java:68)
	at org.test.Login.getusername(Login.java:68)
	at org.test.Login.getusername(Login.java:68)
	at org.test.Login.getusername(Login.java:68)
	at org.test.Login.getusername(Login.java:68)
	at org.test.Login.getusername(Login.java:68)
	at org.test.Login.getusername(Login.java:68)
	at org.test.Login.getusername(Login.java:68)
	at org.test.Login.getusername(Login.java:68)
	at org.test.Login.getusername(Login.java:68)
	at org.test.Login.getusername(Login.java:68)
	at org.test.Login.getusername(Login.java:68)
	at org.test.Login.getusername(Login.java:68)
	at org.test.Login.getusername(Login.java:68)
	at org.test.Login.getusername(Login.java:68)
	at org.test.Login.getusername(Login.java:68)
	at org.test.Login.getusername(Login.java:68)
	at org.test.Login.getusername(Login.java:68)
	at org.test.Login.getusername(Login.java:68)
	at org.test.Login.getusername(Login.java:68)
	at org.test.Login.getusername(Login.java:68)
	at org.test.Login.getusername(Login.java:68)
	at org.test.Login.getusername(Login.java:68)
	at org.test.Login.getusername(Login.java:68)
	at org.test.Login.getusername(Login.java:68)
	at org.test.Login.getusername(Login.java:68)
	at org.test.Login.getusername(Login.java:68)
	at org.test.Login.getusername(Login.java:68)
	at org.test.Login.getusername(Login.java:68)
	at org.test.Login.getusername(Login.java:68)
	at org.test.Login.getusername(Login.java:68)
	at org.test.Login.getusername(Login.java:68)
	at org.test.Login.getusername(Login.java:68)
	at org.test.Login.getusername(Login.java:68)
	at org.test.Login.getusername(Login.java:68)
	at org.test.Login.getusername(Login.java:68)
	at org.test.Login.getusername(Login.java:68)
	at org.test.Login.getusername(Login.java:68)
	at org.test.Login.getusername(Login.java:68)
	at org.test.Login.getusername(Login.java:68)
	at org.test.Login.getusername(Login.java:68)
	at org.test.Login.getusername(Login.java:68)
	at org.test.Login.getusername(Login.java:68)
	at org.test.Login.getusername(Login.java:68)
	at org.test.Login.getusername(Login.java:68)
	at org.test.Login.getusername(Login.java:68)
	at org.test.Login.getusername(Login.java:68)
	at org.test.Login.getusername(Login.java:68)
	at org.test.Login.getusername(Login.java:68)
	at org.test.Login.getusername(Login.java:68)
	at org.test.Login.getusername(Login.java:68)
	at org.test.Login.getusername(Login.java:68)
	at org.test.Login.getusername(Login.java:68)
	at org.test.Login.getusername(Login.java:68)
	at org.test.Login.getusername(Login.java:68)
	at org.test.Login.getusername(Login.java:68)
	at org.test.Login.getusername(Login.java:68)
	at org.test.Login.getusername(Login.java:68)
	at org.test.Login.getusername(Login.java:68)
	at org.test.Login.getusername(Login.java:68)
	at org.test.Login.getusername(Login.java:68)
	at org.test.Login.getusername(Login.java:68)
	at org.test.Login.getusername(Login.java:68)
	at org.test.Login.getusername(Login.java:68)
	at org.test.Login.getusername(Login.java:68)
	at org.test.Login.getusername(Login.java:68)
	at org.test.Login.getusername(Login.java:68)
	at org.test.Login.getusername(Login.java:68)
	at org.test.Login.getusername(Login.java:68)
	at org.test.Login.getusername(Login.java:68)
	at org.test.Login.getusername(Login.java:68)
	at org.test.Login.getusername(Login.java:68)
	at org.test.Login.getusername(Login.java:68)
	at org.test.Login.getusername(Login.java:68)
	at org.test.Login.getusername(Login.java:68)
	at org.test.Login.getusername(Login.java:68)
	at org.test.Login.getusername(Login.java:68)
	at org.test.Login.getusername(Login.java:68)
	at org.test.Login.getusername(Login.java:68)
	at org.test.Login.getusername(Login.java:68)
	at org.test.Login.getusername(Login.java:68)
	at org.test.Login.getusername(Login.java:68)
	at org.test.Login.getusername(Login.java:68)
	at org.test.Login.getusername(Login.java:68)
	at org.test.Login.getusername(Login.java:68)
	at org.test.Login.getusername(Login.java:68)
	at org.test.Login.getusername(Login.java:68)
	at org.test.Login.getusername(Login.java:68)
	at org.test.Login.getusername(Login.java:68)
	at org.test.Login.getusername(Login.java:68)
	at org.test.Login.getusername(Login.java:68)
	at org.test.Login.getusername(Login.java:68)
	at org.test.Login.getusername(Login.java:68)
	at org.test.Login.getusername(Login.java:68)
	at org.test.Login.getusername(Login.java:68)
	at org.test.Login.getusername(Login.java:68)
	at org.test.Login.getusername(Login.java:68)
	at org.test.Login.getusername(Login.java:68)
	at org.test.Login.getusername(Login.java:68)
	at org.test.Login.getusername(Login.java:68)
	at org.test.Login.getusername(Login.java:68)
	at org.test.Login.getusername(Login.java:68)
	at org.test.Login.getusername(Login.java:68)
	at org.test.Login.getusername(Login.java:68)
	at org.test.Login.getusername(Login.java:68)
	at org.test.Login.getusername(Login.java:68)
	at org.test.Login.getusername(Login.java:68)
	at org.test.Login.getusername(Login.java:68)
	at org.test.Login.getusername(Login.java:68)
	at org.test.Login.getusername(Login.java:68)
	at org.test.Login.getusername(Login.java:68)
	at org.test.Login.getusername(Login.java:68)
	at org.test.Login.getusername(Login.java:68)
	at org.test.Login.getusername(Login.java:68)
	at org.test.Login.getusername(Login.java:68)
	at org.test.Login.getusername(Login.java:68)
	at org.test.Login.getusername(Login.java:68)
	at org.test.Login.getusername(Login.java:68)
	at org.test.Login.getusername(Login.java:68)
	at org.test.Login.getusername(Login.java:68)
	at org.test.Login.getusername(Login.java:68)
	at org.test.Login.getusername(Login.java:68)
	at org.test.Login.getusername(Login.java:68)
	at org.test.Login.getusername(Login.java:68)
	at org.test.Login.getusername(Login.java:68)
	at org.test.Login.getusername(Login.java:68)
	at org.test.Login.getusername(Login.java:68)
	at org.test.Login.getusername(Login.java:68)
	at org.test.Login.getusername(Login.java:68)
	at org.test.Login.getusername(Login.java:68)
	at org.test.Login.getusername(Login.java:68)
	at org.test.Login.getusername(Login.java:68)
	at org.test.Login.getusername(Login.java:68)
	at org.test.Login.getusername(Login.java:68)
	at org.test.Login.getusername(Login.java:68)
	at org.test.Login.getusername(Login.java:68)
	at org.test.Login.getusername(Login.java:68)
	at org.test.Login.getusername(Login.java:68)
	at org.test.Login.getusername(Login.java:68)
	at org.test.Login.getusername(Login.java:68)
	at org.test.Login.getusername(Login.java:68)
	at org.test.Login.getusername(Login.java:68)
	at org.test.Login.getusername(Login.java:68)
	at org.test.Login.getusername(Login.java:68)
	at org.test.Login.getusername(Login.java:68)
	at org.test.Login.getusername(Login.java:68)
	at org.test.Login.getusername(Login.java:68)
	at org.test.Login.getusername(Login.java:68)
	at org.test.Login.getusername(Login.java:68)
	at org.test.Login.getusername(Login.java:68)
	at org.test.Login.getusername(Login.java:68)
	at org.test.Login.getusername(Login.java:68)
	at org.test.Login.getusername(Login.java:68)
	at org.test.Login.getusername(Login.java:68)
	at org.test.Login.getusername(Login.java:68)
	at org.test.Login.getusername(Login.java:68)
	at org.test.Login.getusername(Login.java:68)
	at org.test.Login.getusername(Login.java:68)
	at org.test.Login.getusername(Login.java:68)
	at org.test.Login.getusername(Login.java:68)
	at org.test.Login.getusername(Login.java:68)
	at org.test.Login.getusername(Login.java:68)
	at org.test.Login.getusername(Login.java:68)
	at org.test.Login.getusername(Login.java:68)
	at org.test.Login.getusername(Login.java:68)
	at org.test.Login.getusername(Login.java:68)
	at org.test.Login.getusername(Login.java:68)
	at org.test.Login.getusername(Login.java:68)
	at org.test.Login.getusername(Login.java:68)
	at org.test.Login.getusername(Login.java:68)
	at org.test.Login.getusername(Login.java:68)
	at org.test.Login.getusername(Login.java:68)
	at org.test.Login.getusername(Login.java:68)
	at org.test.Login.getusername(Login.java:68)
	at org.test.Login.getusername(Login.java:68)
	at org.test.Login.getusername(Login.java:68)
	at org.test.Login.getusername(Login.java:68)
	at org.test.Login.getusername(Login.java:68)
	at org.test.Login.getusername(Login.java:68)
	at org.test.Login.getusername(Login.java:68)
	at org.test.Login.getusername(Login.java:68)
	at org.test.Login.getusername(Login.java:68)
	at org.test.Login.getusername(Login.java:68)
	at org.test.Login.getusername(Login.java:68)
	at org.test.Login.getusername(Login.java:68)
	at org.test.Login.getusername(Login.java:68)
	at org.test.Login.getusername(Login.java:68)
	at org.test.Login.getusername(Login.java:68)
	at org.test.Login.getusername(Login.java:68)
	at org.test.Login.getusername(Login.java:68)
	at org.test.Login.getusername(Login.java:68)
	at org.test.Login.getusername(Login.java:68)
	at org.test.Login.getusername(Login.java:68)
	at org.test.Login.getusername(Login.java:68)
	at org.test.Login.getusername(Login.java:68)
	at org.test.Login.getusername(Login.java:68)
	at org.test.Login.getusername(Login.java:68)
	at org.test.Login.getusername(Login.java:68)
	at org.test.Login.getusername(Login.java:68)
	at org.test.Login.getusername(Login.java:68)
	at org.test.Login.getusername(Login.java:68)
	at org.test.Login.getusername(Login.java:68)
	at org.test.Login.getusername(Login.java:68)
	at org.test.Login.getusername(Login.java:68)
	at org.test.Login.getusername(Login.java:68)
	at org.test.Login.getusername(Login.java:68)
	at org.test.Login.getusername(Login.java:68)
	at org.test.Login.getusername(Login.java:68)
	at org.test.Login.getusername(Login.java:68)
	at org.test.Login.getusername(Login.java:68)
	at org.test.Login.getusername(Login.java:68)
	at org.test.Login.getusername(Login.java:68)
	at org.test.Login.getusername(Login.java:68)
	at org.test.Login.getusername(Login.java:68)
	at org.test.Login.getusername(Login.java:68)
	at org.test.Login.getusername(Login.java:68)
	at org.test.Login.getusername(Login.java:68)
	at org.test.Login.getusername(Login.java:68)
	at org.test.Login.getusername(Login.java:68)
	at org.test.Login.getusername(Login.java:68)
	at org.test.Login.getusername(Login.java:68)
	at org.test.Login.getusername(Login.java:68)
	at org.test.Login.getusername(Login.java:68)
	at org.test.Login.getusername(Login.java:68)
	at org.test.Login.getusername(Login.java:68)
	at org.test.Login.getusername(Login.java:68)
	at org.test.Login.getusername(Login.java:68)
	at org.test.Login.getusername(Login.java:68)
	at org.test.Login.getusername(Login.java:68)
	at org.test.Login.getusername(Login.java:68)
	at org.test.Login.getusername(Login.java:68)
	at org.test.Login.getusername(Login.java:68)
	at org.test.Login.getusername(Login.java:68)
	at org.test.Login.getusername(Login.java:68)
	at org.test.Login.getusername(Login.java:68)
	at org.test.Login.getusername(Login.java:68)
	at org.test.Login.getusername(Login.java:68)
	at org.test.Login.getusername(Login.java:68)
	at org.test.Login.getusername(Login.java:68)
	at org.test.Login.getusername(Login.java:68)
	at org.test.Login.getusername(Login.java:68)
	at org.test.Login.getusername(Login.java:68)
	at org.test.Login.getusername(Login.java:68)
	at org.test.Login.getusername(Login.java:68)
	at org.test.Login.getusername(Login.java:68)
	at org.test.Login.getusername(Login.java:68)
	at org.test.Login.getusername(Login.java:68)
	at org.test.Login.getusername(Login.java:68)
	at org.test.Login.getusername(Login.java:68)
	at org.test.Login.getusername(Login.java:68)
	at org.test.Login.getusername(Login.java:68)
	at org.test.Login.getusername(Login.java:68)
	at org.test.Login.getusername(Login.java:68)
	at org.test.Login.getusername(Login.java:68)
	at org.test.Login.getusername(Login.java:68)
	at org.test.Login.getusername(Login.java:68)
	at org.test.Login.getusername(Login.java:68)
	at org.test.Login.getusername(Login.java:68)
	at org.test.Login.getusername(Login.java:68)
	at org.test.Login.getusername(Login.java:68)
	at org.test.Login.getusername(Login.java:68)
	at org.test.Login.getusername(Login.java:68)
	at org.test.Login.getusername(Login.java:68)
	at org.test.Login.getusername(Login.java:68)
	at org.test.Login.getusername(Login.java:68)
	at org.test.Login.getusername(Login.java:68)
	at org.test.Login.getusername(Login.java:68)
	at org.test.Login.getusername(Login.java:68)
	at org.test.Login.getusername(Login.java:68)
	at org.test.Login.getusername(Login.java:68)
	at org.test.Login.getusername(Login.java:68)
	at org.test.Login.getusername(Login.java:68)
	at org.test.Login.getusername(Login.java:68)
	at org.test.Login.getusername(Login.java:68)
	at org.test.Login.getusername(Login.java:68)
	at org.test.Login.getusername(Login.java:68)
	at org.test.Login.getusername(Login.java:68)
	at org.test.Login.getusername(Login.java:68)
	at org.test.Login.getusername(Login.java:68)
	at org.test.Login.getusername(Login.java:68)
	at org.test.Login.getusername(Login.java:68)
	at org.test.Login.getusername(Login.java:68)
	at org.test.Login.getusername(Login.java:68)
	at org.test.Login.getusername(Login.java:68)
	at org.test.Login.getusername(Login.java:68)
	at org.test.Login.getusername(Login.java:68)
	at org.test.Login.getusername(Login.java:68)
	at org.test.Login.getusername(Login.java:68)
	at org.test.Login.getusername(Login.java:68)
	at org.test.Login.getusername(Login.java:68)
	at org.test.Login.getusername(Login.java:68)
	at org.test.Login.getusername(Login.java:68)
	at org.test.Login.getusername(Login.java:68)
	at org.test.Login.getusername(Login.java:68)
	at org.test.Login.getusername(Login.java:68)
	at org.test.Login.getusername(Login.java:68)
	at org.test.Login.getusername(Login.java:68)
	at org.test.Login.getusername(Login.java:68)
	at org.test.Login.getusername(Login.java:68)
	at org.test.Login.getusername(Login.java:68)
	at org.test.Login.getusername(Login.java:68)
	at org.test.Login.getusername(Login.java:68)
	at org.test.Login.getusername(Login.java:68)
	at org.test.Login.getusername(Login.java:68)
	at org.test.Login.getusername(Login.java:68)
	at org.test.Login.getusername(Login.java:68)
	at org.test.Login.getusername(Login.java:68)
	at org.test.Login.getusername(Login.java:68)
	at org.test.Login.getusername(Login.java:68)
	at org.test.Login.getusername(Login.java:68)
	at org.test.Login.getusername(Login.java:68)
	at org.test.Login.getusername(Login.java:68)
	at org.test.Login.getusername(Login.java:68)
	at org.test.Login.getusername(Login.java:68)
	at org.test.Login.getusername(Login.java:68)
	at org.test.Login.getusername(Login.java:68)
	at org.test.Login.getusername(Login.java:68)
	at org.test.Login.getusername(Login.java:68)
	at org.test.Login.getusername(Login.java:68)
	at org.test.Login.getusername(Login.java:68)
	at org.test.Login.getusername(Login.java:68)
	at org.test.Login.getusername(Login.java:68)
	at org.test.Login.getusername(Login.java:68)
	at org.test.Login.getusername(Login.java:68)
	at org.test.Login.getusername(Login.java:68)
	at org.test.Login.getusername(Login.java:68)
	at org.test.Login.getusername(Login.java:68)
	at org.test.Login.getusername(Login.java:68)
	at org.test.Login.getusername(Login.java:68)
	at org.test.Login.getusername(Login.java:68)
	at org.test.Login.getusername(Login.java:68)
	at org.test.Login.getusername(Login.java:68)
	at org.test.Login.getusername(Login.java:68)
	at org.test.Login.getusername(Login.java:68)
[...]
	at org.test.Login.getusername(Login.java:68)
	at org.test.Login.getusername(Login.java:68)
	at org.test.Login.getusername(Login.java:68)
	at org.test.Login.getusername(Login.java:68)
	at org.test.Login.getusername(Login.java:68)
	at org.test.Login.getusername(Login.java:68)
	at org.test.Login.getusername(Login.java:68)
	at org.test.Login.getusername(Login.java:68)
	at org.test.Login.getusername(Login.java:68)
	at org.test.Login.getusername(Login.java:68)
	at org.test.Login.getusername(Login.java:68)
	at org.test.Login.getusername(Login.java:68)
	at org.test.Login.getusername(Login.java:68)
	at org.test.Login.getusername(Login.java:68)
	at org.test.Login.getusername(Login.java:68)
	at org.test.Login.getusername(Login.java:68)
	at org.test.Login.getusername(Login.java:68)
	at org.test.Login.getusername(Login.java:68)
	at org.test.Login.getusername(Login.java:68)
	at org.test.Login.getusername(Login.java:68)
	at org.test.Login.getusername(Login.java:68)
	at org.test.Login.getusername(Login.java:68)
	at org.test.Login.getusername(Login.java:68)
	at org.test.Login.getusername(Login.java:68)
	at org.test.Login.getusername(Login.java:68)
	at org.test.Login.getusername(Login.java:68)
	at org.test.Login.getusername(Login.java:68)
	at org.test.Login.getusername(Login.java:68)
	at org.test.Login.getusername(Login.java:68)
	at org.test.Login.getusername(Login.java:68)
	at org.test.Login.getusername(Login.java:68)
	at org.test.Login.getusername(Login.java:68)
	at org.test.Login.getusername(Login.java:68)
	at org.test.Login.getusername(Login.java:68)
	at org.test.Login.getusername(Login.java:68)
	at org.test.Login.getusername(Login.java:68)
	at org.test.Login.getusername(Login.java:68)
	at org.test.Login.getusername(Login.java:68)
	at org.test.Login.getusername(Login.java:68)
	at org.test.Login.getusername(Login.java:68)
	at org.test.Login.getusername(Login.java:68)
	at org.test.Login.getusername(Login.java:68)
	at org.test.Login.getusername(Login.java:68)
	at org.test.Login.getusername(Login.java:68)
	at org.test.Login.getusername(Login.java:68)
	at org.test.Login.getusername(Login.java:68)
	at org.test.Login.getusername(Login.java:68)
	at org.test.Login.getusername(Login.java:68)
	at org.test.Login.getusername(Login.java:68)
	at org.test.Login.getusername(Login.java:68)
	at org.test.Login.getusername(Login.java:68)
	at org.test.Login.getusername(Login.java:68)
	at org.test.Login.getusername(Login.java:68)
	at org.test.Login.getusername(Login.java:68)
	at org.test.Login.getusername(Login.java:68)
	at org.test.Login.getusername(Login.java:68)
	at org.test.Login.getusername(Login.java:68)
	at org.test.Login.getusername(Login.java:68)
	at org.test.Login.getusername(Login.java:68)
	at org.test.Login.getusername(Login.java:68)
	at org.test.Login.getusername(Login.java:68)
	at org.test.Login.getusername(Login.java:68)
	at org.test.Login.getusername(Login.java:68)
	at org.test.Login.getusername(Login.java:68)
	at org.test.Login.getusername(Login.java:68)
	at org.test.Login.getusername(Login.java:68)
	at org.test.Login.getusername(Login.java:68)
	at org.test.Login.getusername(Login.java:68)
	at org.test.Login.getusername(Login.java:68)
	at org.test.Login.getusername(Login.java:68)
	at org.test.Login.getusername(Login.java:68)
	at org.test.Login.getusername(Login.java:68)
	at org.test.Login.getusername(Login.java:68)
	at org.test.Login.getusername(Login.java:68)
	at org.test.Login.getusername(Login.java:68)
	at org.test.Login.getusername(Login.java:68)
	at org.test.Login.getusername(Login.java:68)
	at org.test.Login.getusername(Login.java:68)
	at org.test.Login.getusername(Login.java:68)
	at org.test.Login.getusername(Login.java:68)
	at org.test.Login.getusername(Login.java:68)
	at org.test.Login.getusername(Login.java:68)
	at org.test.Login.getusername(Login.java:68)
	at org.test.Login.getusername(Login.java:68)
	at org.test.Login.getusername(Login.java:68)
	at org.test.Login.getusername(Login.java:68)
	at org.test.Login.getusername(Login.java:68)
	at org.test.Login.getusername(Login.java:68)
	at org.test.Login.getusername(Login.java:68)
	at org.test.Login.getusername(Login.java:68)
	at org.test.Login.getusername(Login.java:68)
	at org.test.Login.getusername(Login.java:68)
	at org.test.Login.getusername(Login.java:68)
	at org.test.Login.getusername(Login.java:68)
	at org.test.Login.getusername(Login.java:68)
	at org.test.Login.getusername(Login.java:68)
	at org.test.Login.getusername(Login.java:68)
	at org.test.Login.getusername(Login.java:68)
	at org.test.Login.getusername(Login.java:68)
	at org.test.Login.getusername(Login.java:68)
	at org.test.Login.getusername(Login.java:68)
	at org.test.Login.getusername(Login.java:68)
	at org.test.Login.getusername(Login.java:68)
	at org.test.Login.getusername(Login.java:68)
	at org.test.Login.getusername(Login.java:68)
	at org.test.Login.getusername(Login.java:68)
	at org.test.Login.getusername(Login.java:68)
	at org.test.Login.getusername(Login.java:68)
	at org.test.Login.getusername(Login.java:68)
	at org.test.Login.getusername(Login.java:68)
	at org.test.Login.getusername(Login.java:68)
	at org.test.Login.getusername(Login.java:68)
	at org.test.Login.getusername(Login.java:68)
	at org.test.Login.getusername(Login.java:68)
	at org.test.Login.getusername(Login.java:68)
	at org.test.Login.getusername(Login.java:68)
	at org.test.Login.getusername(Login.java:68)
	at org.test.Login.getusername(Login.java:68)
	at org.test.Login.getusername(Login.java:68)
	at org.test.Login.getusername(Login.java:68)
	at org.test.Login.getusername(Login.java:68)
	at org.test.Login.getusername(Login.java:68)
	at org.test.Login.getusername(Login.java:68)
	at org.test.Login.getusername(Login.java:68)
	at org.test.Login.getusername(Login.java:68)
	at org.test.Login.getusername(Login.java:68)
	at org.test.Login.getusername(Login.java:68)
	at org.test.Login.getusername(Login.java:68)
	at org.test.Login.getusername(Login.java:68)
	at org.test.Login.getusername(Login.java:68)
	at org.test.Login.getusername(Login.java:68)
	at org.test.Login.getusername(Login.java:68)
	at org.test.Login.getusername(Login.java:68)
	at org.test.Login.getusername(Login.java:68)
	at org.test.Login.getusername(Login.java:68)
	at org.test.Login.getusername(Login.java:68)
	at org.test.Login.getusername(Login.java:68)
	at org.test.Login.getusername(Login.java:68)
	at org.test.Login.getusername(Login.java:68)
	at org.test.Login.getusername(Login.java:68)
	at org.test.Login.getusername(Login.java:68)
	at org.test.Login.getusername(Login.java:68)
	at org.test.Login.getusername(Login.java:68)
	at org.test.Login.getusername(Login.java:68)
	at org.test.Login.getusername(Login.java:68)
	at org.test.Login.getusername(Login.java:68)
	at org.test.Login.getusername(Login.java:68)
	at org.test.Login.getusername(Login.java:68)
	at org.test.Login.getusername(Login.java:68)
	at org.test.Login.getusername(Login.java:68)
	at org.test.Login.getusername(Login.java:68)
	at org.test.Login.getusername(Login.java:68)
	at org.test.Login.getusername(Login.java:68)
	at org.test.Login.getusername(Login.java:68)
	at org.test.Login.getusername(Login.java:68)
	at org.test.Login.getusername(Login.java:68)
	at org.test.Login.getusername(Login.java:68)
	at org.test.Login.getusername(Login.java:68)
	at org.test.Login.getusername(Login.java:68)
	at org.test.Login.getusername(Login.java:68)
	at org.test.Login.getusername(Login.java:68)
	at org.test.Login.getusername(Login.java:68)
	at org.test.Login.getusername(Login.java:68)
	at org.test.Login.getusername(Login.java:68)
	at org.test.Login.getusername(Login.java:68)
	at org.test.Login.getusername(Login.java:68)
	at org.test.Login.getusername(Login.java:68)
	at org.test.Login.getusername(Login.java:68)
	at org.test.Login.getusername(Login.java:68)
	at org.test.Login.getusername(Login.java:68)
	at org.test.Login.getusername(Login.java:68)
	at org.test.Login.getusername(Login.java:68)
	at org.test.Login.getusername(Login.java:68)
	at org.test.Login.getusername(Login.java:68)
	at org.test.Login.getusername(Login.java:68)
	at org.test.Login.getusername(Login.java:68)
	at org.test.Login.getusername(Login.java:68)
	at org.test.Login.getusername(Login.java:68)
	at org.test.Login.getusername(Login.java:68)
	at org.test.Login.getusername(Login.java:68)
	at org.test.Login.getusername(Login.java:68)
	at org.test.Login.getusername(Login.java:68)
	at org.test.Login.getusername(Login.java:68)
	at org.test.Login.getusername(Login.java:68)
	at org.test.Login.getusername(Login.java:68)
	at org.test.Login.getusername(Login.java:68)
	at org.test.Login.getusername(Login.java:68)
	at org.test.Login.getusername(Login.java:68)
	at org.test.Login.getusername(Login.java:68)
	at org.test.Login.getusername(Login.java:68)
	at org.test.Login.getusername(Login.java:68)
	at org.test.Login.getusername(Login.java:68)
	at org.test.Login.getusername(Login.java:68)
	at org.test.Login.getusername(Login.java:68)
	at org.test.Login.getusername(Login.java:68)
	at org.test.Login.getusername(Login.java:68)
	at org.test.Login.getusername(Login.java:68)
	at org.test.Login.getusername(Login.java:68)
	at org.test.Login.getusername(Login.java:68)
	at org.test.Login.getusername(Login.java:68)
	at org.test.Login.getusername(Login.java:68)
	at org.test.Login.getusername(Login.java:68)
	at org.test.Login.getusername(Login.java:68)
	at org.test.Login.getusername(Login.java:68)
	at org.test.Login.getusername(Login.java:68)
	at org.test.Login.getusername(Login.java:68)
	at org.test.Login.getusername(Login.java:68)
	at org.test.Login.getusername(Login.java:68)
	at org.test.Login.getusername(Login.java:68)
	at org.test.Login.getusername(Login.java:68)
	at org.test.Login.getusername(Login.java:68)
	at org.test.Login.getusername(Login.java:68)
	at org.test.Login.getusername(Login.java:68)
	at org.test.Login.getusername(Login.java:68)
	at org.test.Login.getusername(Login.java:68)
	at org.test.Login.getusername(Login.java:68)
	at org.test.Login.getusername(Login.java:68)
	at org.test.Login.getusername(Login.java:68)
	at org.test.Login.getusername(Login.java:68)
	at org.test.Login.getusername(Login.java:68)
	at org.test.Login.getusername(Login.java:68)
	at org.test.Login.getusername(Login.java:68)
	at org.test.Login.getusername(Login.java:68)
	at org.test.Login.getusername(Login.java:68)
	at org.test.Login.getusername(Login.java:68)
	at org.test.Login.getusername(Login.java:68)
	at org.test.Login.getusername(Login.java:68)
	at org.test.Login.getusername(Login.java:68)
	at org.test.Login.getusername(Login.java:68)
	at org.test.Login.getusername(Login.java:68)
	at org.test.Login.getusername(Login.java:68)
	at org.test.Login.getusername(Login.java:68)
	at org.test.Login.getusername(Login.java:68)
	at org.test.Login.getusername(Login.java:68)
	at org.test.Login.getusername(Login.java:68)
	at org.test.Login.getusername(Login.java:68)
	at org.test.Login.getusername(Login.java:68)
	at org.test.Login.getusername(Login.java:68)
	at org.test.Login.getusername(Login.java:68)
	at org.test.Login.getusername(Login.java:68)
	at org.test.Login.getusername(Login.java:68)
	at org.test.Login.getusername(Login.java:68)
	at org.test.Login.getusername(Login.java:68)
	at org.test.Login.getusername(Login.java:68)
	at org.test.Login.getusername(Login.java:68)
	at org.test.Login.getusername(Login.java:68)
	at org.test.Login.getusername(Login.java:68)
	at org.test.Login.getusername(Login.java:68)
	at org.test.Login.getusername(Login.java:68)
	at org.test.Login.getusername(Login.java:68)
	at org.test.Login.getusername(Login.java:68)
	at org.test.Login.getusername(Login.java:68)
	at org.test.Login.getusername(Login.java:68)
	at org.test.Login.getusername(Login.java:68)
	at org.test.Login.getusername(Login.java:68)
	at org.test.Login.getusername(Login.java:68)
	at org.test.Login.getusername(Login.java:68)
	at org.test.Login.getusername(Login.java:68)
	at org.test.Login.getusername(Login.java:68)
	at org.test.Login.getusername(Login.java:68)
	at org.test.Login.getusername(Login.java:68)
	at org.test.Login.getusername(Login.java:68)
	at org.test.Login.getusername(Login.java:68)
	at org.test.Login.getusername(Login.java:68)
	at org.test.Login.getusername(Login.java:68)
	at org.test.Login.getusername(Login.java:68)
	at org.test.Login.getusername(Login.java:68)
	at org.test.Login.getusername(Login.java:68)
	at org.test.Login.getusername(Login.java:68)
	at org.test.Login.getusername(Login.java:68)
	at org.test.Login.getusername(Login.java:68)
	at org.test.Login.getusername(Login.java:68)
	at org.test.Login.getusername(Login.java:68)
	at org.test.Login.getusername(Login.java:68)
	at org.test.Login.getusername(Login.java:68)
	at org.test.Login.getusername(Login.java:68)
	at org.test.Login.getusername(Login.java:68)
	at org.test.Login.getusername(Login.java:68)
	at org.test.Login.getusername(Login.java:68)
	at org.test.Login.getusername(Login.java:68)
	at org.test.Login.getusername(Login.java:68)
	at org.test.Login.getusername(Login.java:68)
	at org.test.Login.getusername(Login.java:68)
	at org.test.Login.getusername(Login.java:68)
	at org.test.Login.getusername(Login.java:68)
	at org.test.Login.getusername(Login.java:68)
	at org.test.Login.getusername(Login.java:68)
	at org.test.Login.getusername(Login.java:68)
	at org.test.Login.getusername(Login.java:68)
	at org.test.Login.getusername(Login.java:68)
	at org.test.Login.getusername(Login.java:68)
	at org.test.Login.getusername(Login.java:68)
	at org.test.Login.getusername(Login.java:68)
	at org.test.Login.getusername(Login.java:68)
	at org.test.Login.getusername(Login.java:68)
	at org.test.Login.getusername(Login.java:68)
	at org.test.Login.getusername(Login.java:68)
	at org.test.Login.getusername(Login.java:68)
	at org.test.Login.getusername(Login.java:68)
	at org.test.Login.getusername(Login.java:68)
	at org.test.Login.getusername(Login.java:68)
	at org.test.Login.getusername(Login.java:68)
	at org.test.Login.getusername(Login.java:68)
	at org.test.Login.getusername(Login.java:68)
	at org.test.Login.getusername(Login.java:68)
	at org.test.Login.getusername(Login.java:68)
	at org.test.Login.getusername(Login.java:68)
	at org.test.Login.getusername(Login.java:68)
	at org.test.Login.getusername(Login.java:68)
	at org.test.Login.getusername(Login.java:68)
	at org.test.Login.getusername(Login.java:68)
	at org.test.Login.getusername(Login.java:68)
	at org.test.Login.getusername(Login.java:68)
	at org.test.Login.getusername(Login.java:68)
	at org.test.Login.getusername(Login.java:68)
	at org.test.Login.getusername(Login.java:68)
	at org.test.Login.getusername(Login.java:68)
	at org.test.Login.getusername(Login.java:68)
	at org.test.Login.getusername(Login.java:68)
	at org.test.Login.getusername(Login.java:68)
	at org.test.Login.getusername(Login.java:68)
	at org.test.Login.getusername(Login.java:68)
	at org.test.Login.getusername(Login.java:68)
	at org.test.Login.getusername(Login.java:68)
	at org.test.Login.getusername(Login.java:68)
	at org.test.Login.getusername(Login.java:68)
	at org.test.Login.getusername(Login.java:68)
	at org.test.Login.getusername(Login.java:68)
	at org.test.Login.getusername(Login.java:68)
	at org.test.Login.getusername(Login.java:68)
	at org.test.Login.getusername(Login.java:68)
	at org.test.Login.getusername(Login.java:68)
	at org.test.Login.getusername(Login.java:68)
	at org.test.Login.getusername(Login.java:68)
	at org.test.Login.getusername(Login.java:68)
	at org.test.Login.getusername(Login.java:68)
	at org.test.Login.getusername(Login.java:68)
	at org.test.Login.getusername(Login.java:68)
	at org.test.Login.getusername(Login.java:68)
	at org.test.Login.getusername(Login.java:68)
	at org.test.Login.getusername(Login.java:68)
	at org.test.Login.getusername(Login.java:68)
	at org.test.Login.getusername(Login.java:68)
	at org.test.Login.getusername(Login.java:68)
	at org.test.Login.getusername(Login.java:68)
	at org.test.Login.getusername(Login.java:68)
	at org.test.Login.getusername(Login.java:68)
	at org.test.Login.getusername(Login.java:68)
	at org.test.Login.getusername(Login.java:68)
	at org.test.Login.getusername(Login.java:68)
	at org.test.Login.getusername(Login.java:68)
	at org.test.Login.getusername(Login.java:68)
	at org.test.Login.getusername(Login.java:68)
	at org.test.Login.getusername(Login.java:68)
	at org.test.Login.getusername(Login.java:68)
	at org.test.Login.getusername(Login.java:68)
	at org.test.Login.getusername(Login.java:68)
	at org.test.Login.getusername(Login.java:68)
	at org.test.Login.getusername(Login.java:68)
	at org.test.Login.getusername(Login.java:68)
	at org.test.Login.getusername(Login.java:68)
	at org.test.Login.getusername(Login.java:68)
	at org.test.Login.getusername(Login.java:68)
	at org.test.Login.getusername(Login.java:68)
	at org.test.Login.getusername(Login.java:68)
	at org.test.Login.getusername(Login.java:68)
	at org.test.Login.getusername(Login.java:68)
	at org.test.Login.getusername(Login.java:68)
	at org.test.Login.getusername(Login.java:68)
	at org.test.Login.getusername(Login.java:68)
	at org.test.Login.getusername(Login.java:68)
	at org.test.Login.getusername(Login.java:68)
	at org.test.Login.getusername(Login.java:68)
	at org.test.Login.getusername(Login.java:68)
	at org.test.Login.getusername(Login.java:68)
	at org.test.Login.getusername(Login.java:68)
	at org.test.Login.getusername(Login.java:68)
	at org.test.Login.getusername(Login.java:68)
	at org.test.Login.getusername(Login.java:68)
	at org.test.Login.getusername(Login.java:68)
	at org.test.Login.getusername(Login.java:68)
	at org.test.Login.getusername(Login.java:68)
	at org.test.Login.getusername(Login.java:68)
	at org.test.Login.getusername(Login.java:68)
	at org.test.Login.getusername(Login.java:68)
	at org.test.Login.getusername(Login.java:68)
	at org.test.Login.getusername(Login.java:68)
	at org.test.Login.getusername(Login.java:68)
	at org.test.Login.getusername(Login.java:68)
	at org.test.Login.getusername(Login.java:68)
	at org.test.Login.getusername(Login.java:68)
	at org.test.Login.getusername(Login.java:68)
	at org.test.Login.getusername(Login.java:68)
	at org.test.Login.getusername(Login.java:68)
	at org.test.Login.getusername(Login.java:68)
	at org.test.Login.getusername(Login.java:68)
	at org.test.Login.getusername(Login.java:68)
	at org.test.Login.getusername(Login.java:68)
	at org.test.Login.getusername(Login.java:68)
	at org.test.Login.getusername(Login.java:68)
	at org.test.Login.getusername(Login.java:68)
	at org.test.Login.getusername(Login.java:68)
	at org.test.Login.getusername(Login.java:68)
	at org.test.Login.getusername(Login.java:68)
	at org.test.Login.getusername(Login.java:68)
	at org.test.Login.getusername(Login.java:68)
	at org.test.Login.getusername(Login.java:68)
	at org.test.Login.getusername(Login.java:68)
	at org.test.Login.getusername(Login.java:68)
	at org.test.Login.getusername(Login.java:68)
	at org.test.Login.getusername(Login.java:68)
	at org.test.Login.getusername(Login.java:68)
	at org.test.Login.getusername(Login.java:68)
	at org.test.Login.getusername(Login.java:68)
	at org.test.Login.getusername(Login.java:68)
	at org.test.Login.getusername(Login.java:68)
	at org.test.Login.getusername(Login.java:68)
	at org.test.Login.getusername(Login.java:68)
	at org.test.Login.getusername(Login.java:68)
	at org.test.Login.getusername(Login.java:68)
	at org.test.Login.getusername(Login.java:68)
	at org.test.Login.getusername(Login.java:68)
	at org.test.Login.getusername(Login.java:68)
	at org.test.Login.getusername(Login.java:68)
	at org.test.Login.getusername(Login.java:68)
	at org.test.Login.getusername(Login.java:68)
	at org.test.Login.getusername(Login.java:68)
	at org.test.Login.getusername(Login.java:68)
	at org.test.Login.getusername(Login.java:68)
	at org.test.Login.getusername(Login.java:68)
	at org.test.Login.getusername(Login.java:68)
	at org.test.Login.getusername(Login.java:68)
]]>
    </error>
  </testcase> <!-- test1 -->
</testsuite> <!-- org.tesss.facebook2 -->
